
1/12/2016, 8:12:40 PM

Operating System
  Name                        = Mac OS X
  Version                     = 10.10.5
  Architecture                = 64bit
  # CPUs                      = 4
  Memory                      = 8589934592

Node.js
  Node.js Version             = 0.12.7
  npm Version                 = 2.11.3

Titanium CLI
  CLI Version                 = 5.0.5

Titanium SDK
  SDK Version                 = 5.1.1.GA
  SDK Path                    = /Users/fuerst/Library/Application Support/Titanium/mobilesdk/osx/5.1.1.GA
  Target Platform             = iphone

Command
  /usr/local/bin/node /Users/fuerst/.appcelerator/install/5.1.0/package/node_modules/appc-cli-titanium/node_modules/titanium/bin/titanium build --platform ios --log-level trace --sdk 5.1.1.GA --project-dir /Users/fuerst/Documents/APPC_WORKSPACE/Tierstimmenarchiv --target simulator --ios-version 8.4 --device-family iphone --deploy-type development --sim-type ipad --sim-version 8.4 --device-id B5DCEA56-A6A6-4B03-B6EB-120FFA9468AD --skip-js-minify --no-colors --no-progress-bars --no-prompt --prompt-type socket-bundle --prompt-port 63813 --plugin-paths /Users/fuerst/.appcelerator/install/5.1.0/package/node_modules --config-file /var/folders/25/yvdn9h053sv3htdkzq8558k40000gn/T/build-1452629553484.json --no-banner

[TRACE]  [ioslib] Validating iOS Simulator UDID B5DCEA56-A6A6-4B03-B6EB-120FFA9468AD
[TRACE]  [ioslib] Found iOS Simulator UDID B5DCEA56-A6A6-4B03-B6EB-120FFA9468AD
[TRACE]  [ioslib] Selected iOS Simulator: iPad 2
[TRACE]  [ioslib]   UDID    = B5DCEA56-A6A6-4B03-B6EB-120FFA9468AD
[TRACE]  [ioslib]   iOS     = 8.4
[TRACE]  [ioslib] Autoselected Xcode: 6.4
[DEBUG]  Detecting modules in /Users/fuerst/Library/Application Support/Titanium/modules
[DEBUG]  Detected android module: analytics.google 1.0 @ /Users/fuerst/Library/Application Support/Titanium/modules/android/analytics.google/1.0
[DEBUG]  Detected android module: appcelerator.encrypteddatabase 1.0.4 @ /Users/fuerst/Library/Application Support/Titanium/modules/android/appcelerator.encrypteddatabase/1.0.4
[DEBUG]  Detected android module: bencoding.alarmmanager 0.11 @ /Users/fuerst/Library/Application Support/Titanium/modules/android/bencoding.alarmmanager/0.11
[DEBUG]  Detected android module: bencoding.alarmmanager 0.123 @ /Users/fuerst/Library/Application Support/Titanium/modules/android/bencoding.alarmmanager/0.123
[DEBUG]  Detected android module: bencoding.alarmmanager 0.123RAI @ /Users/fuerst/Library/Application Support/Titanium/modules/android/bencoding.alarmmanager/0.123RAI
[DEBUG]  Detected android module: bencoding.alarmmanager 0.13 @ /Users/fuerst/Library/Application Support/Titanium/modules/android/bencoding.alarmmanager/0.13
[DEBUG]  Detected android module: bencoding.android.tools 0.31 @ /Users/fuerst/Library/Application Support/Titanium/modules/android/bencoding.android.tools/0.31
[DEBUG]  Detected android module: bencoding.blur 0.1 @ /Users/fuerst/Library/Application Support/Titanium/modules/android/bencoding.blur/0.1
[DEBUG]  Detected android module: bencoding.blur 0.2 @ /Users/fuerst/Library/Application Support/Titanium/modules/android/bencoding.blur/0.2
[DEBUG]  Detected android module: bencoding.utterance 0.5 @ /Users/fuerst/Library/Application Support/Titanium/modules/android/bencoding.utterance/0.5
[DEBUG]  Detected android module: co.il.webe.speechrecognizer 1.0 @ /Users/fuerst/Library/Application Support/Titanium/modules/android/co.il.webe.speechrecognizer/1.0
[DEBUG]  Detected android module: co.kommit.gtm 0.0.1 @ /Users/fuerst/Library/Application Support/Titanium/modules/android/co.kommit.gtm/0.0.1
[DEBUG]  Detected android module: co.lanica.almixer 0.1 @ /Users/fuerst/Library/Application Support/Titanium/modules/android/co.lanica.almixer/0.1
[DEBUG]  Detected android module: co.lanica.chipmunk2d 0.2 @ /Users/fuerst/Library/Application Support/Titanium/modules/android/co.lanica.chipmunk2d/0.2
[DEBUG]  Detected android module: com.abp.chooseintent 1.0 @ /Users/fuerst/Library/Application Support/Titanium/modules/android/com.abp.chooseintent/1.0
[DEBUG]  Detected android module: com.alcoapps.actionbarextras 1.6.1 @ /Users/fuerst/Library/Application Support/Titanium/modules/android/com.alcoapps.actionbarextras/1.6.1
[DEBUG]  Detected android module: com.alcoapps.actionbarextras 1.6.5 @ /Users/fuerst/Library/Application Support/Titanium/modules/android/com.alcoapps.actionbarextras/1.6.5
[DEBUG]  Detected android module: com.alcoapps.actionbarextras 1.6.8 @ /Users/fuerst/Library/Application Support/Titanium/modules/android/com.alcoapps.actionbarextras/1.6.8
[DEBUG]  Detected android module: com.appcelerator.apm 1.1.1 @ /Users/fuerst/Library/Application Support/Titanium/modules/android/com.appcelerator.apm/1.1.1
[DEBUG]  Detected android module: com.gbaldera.titouchgallery 1.1 @ /Users/fuerst/Library/Application Support/Titanium/modules/android/com.gbaldera.titouchgallery/1.1
[DEBUG]  Detected android module: com.gbaldera.titouchgallery 1.2 @ /Users/fuerst/Library/Application Support/Titanium/modules/android/com.gbaldera.titouchgallery/1.2
[DEBUG]  Detected android module: com.googlecode.quicktigame2d 1.0 @ /Users/fuerst/Library/Application Support/Titanium/modules/android/com.googlecode.quicktigame2d/1.0
[DEBUG]  Detected android module: com.goyya.telephonymanager 1.0.0 @ /Users/fuerst/Library/Application Support/Titanium/modules/android/com.goyya.telephonymanager/1.0.0
[DEBUG]  Detected android module: com.ionrod.accountmanager 1.0.0 @ /Users/fuerst/Library/Application Support/Titanium/modules/android/com.ionrod.accountmanager/1.0.0
[DEBUG]  Detected android module: com.kosso.tiandroidaudioplayer 0.1 @ /Users/fuerst/Library/Application Support/Titanium/modules/android/com.kosso.tiandroidaudioplayer/0.1
[DEBUG]  Detected android module: com.liferay.beacons 0.1 @ /Users/fuerst/Library/Application Support/Titanium/modules/android/com.liferay.beacons/0.1
[DEBUG]  Detected android module: com.mcongrove.pebble 1.1 @ /Users/fuerst/Library/Application Support/Titanium/modules/android/com.mcongrove.pebble/1.1
[DEBUG]  Detected android module: com.mirasense.scanditsdk 4.3.0 @ /Users/fuerst/Library/Application Support/Titanium/modules/android/com.mirasense.scanditsdk/4.3.0
[DEBUG]  Detected android module: com.navid.tabs 1.0 @ /Users/fuerst/Library/Application Support/Titanium/modules/android/com.navid.tabs/1.0
[DEBUG]  Detected android module: com.rkam.swiperefreshlayout 0.4.1 @ /Users/fuerst/Library/Application Support/Titanium/modules/android/com.rkam.swiperefreshlayout/0.4.1
[DEBUG]  Detected android module: com.tripvi.drawerlayout 1.1.1 @ /Users/fuerst/Library/Application Support/Titanium/modules/android/com.tripvi.drawerlayout/1.1.1
[DEBUG]  Detected android module: com.tripvi.drawerlayout 1.2.2 @ /Users/fuerst/Library/Application Support/Titanium/modules/android/com.tripvi.drawerlayout/1.2.2
[DEBUG]  Detected android module: com.universalavenue.ticrosswalk 1.3.0 @ /Users/fuerst/Library/Application Support/Titanium/modules/android/com.universalavenue.ticrosswalk/1.3.0
[DEBUG]  Detected android module: com.wikitude.ti 4.1.0 @ /Users/fuerst/Library/Application Support/Titanium/modules/android/com.wikitude.ti/4.1.0
[DEBUG]  Detected android module: com.wikitude.ti 5.0.0 @ /Users/fuerst/Library/Application Support/Titanium/modules/android/com.wikitude.ti/5.0.0
[DEBUG]  Detected android module: de.manumaticx.androidflip 1.0.1 @ /Users/fuerst/Library/Application Support/Titanium/modules/android/de.manumaticx.androidflip/1.0.1
[DEBUG]  Detected android module: de.manumaticx.crouton 1.2.3 @ /Users/fuerst/Library/Application Support/Titanium/modules/android/de.manumaticx.crouton/1.2.3
[DEBUG]  Detected android module: de.manumaticx.crouton 1.2.4 @ /Users/fuerst/Library/Application Support/Titanium/modules/android/de.manumaticx.crouton/1.2.4
[DEBUG]  Detected android module: de.manumaticx.printmanager 1.0.0 @ /Users/fuerst/Library/Application Support/Titanium/modules/android/de.manumaticx.printmanager/1.0.0
[DEBUG]  Detected android module: de.marcelpociot.circularslider 1.0 @ /Users/fuerst/Library/Application Support/Titanium/modules/android/de.marcelpociot.circularslider/1.0
[DEBUG]  Detected android module: dk.napp.flashlight 1.0 @ /Users/fuerst/Library/Application Support/Titanium/modules/android/dk.napp.flashlight/1.0
[DEBUG]  Detected android module: facebook 3.0.3 @ /Users/fuerst/Library/Application Support/Titanium/modules/android/facebook/3.0.3
[DEBUG]  Detected android module: facebook 4.0.3 @ /Users/fuerst/Library/Application Support/Titanium/modules/android/facebook/4.0.3
[DEBUG]  Detected android module: facebook 4.0.4 @ /Users/fuerst/Library/Application Support/Titanium/modules/android/facebook/4.0.4
[DEBUG]  Detected android module: facebook 4.0.5 @ /Users/fuerst/Library/Application Support/Titanium/modules/android/facebook/4.0.5
[DEBUG]  Detected android module: io.platino 2.9.0 @ /Users/fuerst/Library/Application Support/Titanium/modules/android/io.platino/2.9.0
[DEBUG]  Detected android module: jp.isisredirect.speechrecognizer 2.0 @ /Users/fuerst/Library/Application Support/Titanium/modules/android/jp.isisredirect.speechrecognizer/2.0
[DEBUG]  Detected android module: jp.isisredirect.speechrecognizer 3.0 @ /Users/fuerst/Library/Application Support/Titanium/modules/android/jp.isisredirect.speechrecognizer/3.0
[DEBUG]  Detected android module: miga.tibeacon 1.6.3 @ /Users/fuerst/Library/Application Support/Titanium/modules/android/miga.tibeacon/1.6.3
[DEBUG]  Detected android module: net.iamyellow.gcmjs 0.2 @ /Users/fuerst/Library/Application Support/Titanium/modules/android/net.iamyellow.gcmjs/0.2
[DEBUG]  Detected android module: net.iamyellow.tiws 0.1 @ /Users/fuerst/Library/Application Support/Titanium/modules/android/net.iamyellow.tiws/0.1
[DEBUG]  Detected android module: org.bcbhh 1.0.0 @ /Users/fuerst/Library/Application Support/Titanium/modules/android/org.bcbhh/1.0.0
[DEBUG]  Detected android module: org.iotashan.TiTouchImageView 1.0.0 @ /Users/fuerst/Library/Application Support/Titanium/modules/android/org.iotashan.titouchimageview/1.0.0
[DEBUG]  Detected android module: org.iotashan.TiTouchImageView 1.0.1 @ /Users/fuerst/Library/Application Support/Titanium/modules/android/org.iotashan.titouchimageview/1.0.1
[DEBUG]  Detected android module: org.mumumu.ti.android.speech 0.3 @ /Users/fuerst/Library/Application Support/Titanium/modules/android/org.mumumu.ti.android.speech/0.3
[DEBUG]  Detected android module: ti.barcode 1.7 @ /Users/fuerst/Library/Application Support/Titanium/modules/android/ti.barcode/1.7
[DEBUG]  Detected android module: ti.barcode 2.3.0 @ /Users/fuerst/Library/Application Support/Titanium/modules/android/ti.barcode/2.3.0
[DEBUG]  Detected android module: ti.cloudpush 2.0.1 @ /Users/fuerst/Library/Application Support/Titanium/modules/android/ti.cloudpush/2.0.1
[DEBUG]  Detected android module: ti.cloudpush 2.0.5 @ /Users/fuerst/Library/Application Support/Titanium/modules/android/ti.cloudpush/2.0.5
[DEBUG]  Detected android module: ti.cloudpush 2.0.7 @ /Users/fuerst/Library/Application Support/Titanium/modules/android/ti.cloudpush/2.0.7
[DEBUG]  Detected android module: ti.cloudpush 2.1.0 @ /Users/fuerst/Library/Application Support/Titanium/modules/android/ti.cloudpush/2.1.0
[DEBUG]  Detected android module: ti.cloudpush 2.2.0 @ /Users/fuerst/Library/Application Support/Titanium/modules/android/ti.cloudpush/2.2.0
[DEBUG]  Detected android module: ti.cloudpush 2.3.0 @ /Users/fuerst/Library/Application Support/Titanium/modules/android/ti.cloudpush/2.3.0
[DEBUG]  Detected android module: ti.cloudpush 2.3.2 @ /Users/fuerst/Library/Application Support/Titanium/modules/android/ti.cloudpush/2.3.2
[DEBUG]  Detected android module: ti.cloudpush 2.3.3 @ /Users/fuerst/Library/Application Support/Titanium/modules/android/ti.cloudpush/2.3.3
[DEBUG]  Detected android module: ti.cloudpush 3.2.0 @ /Users/fuerst/Library/Application Support/Titanium/modules/android/ti.cloudpush/3.2.0
[DEBUG]  Detected android module: ti.cloudpush 3.2.1 @ /Users/fuerst/Library/Application Support/Titanium/modules/android/ti.cloudpush/3.2.1
[DEBUG]  Detected android module: ti.cloudpush 3.3.0 @ /Users/fuerst/Library/Application Support/Titanium/modules/android/ti.cloudpush/3.3.0
[DEBUG]  Detected android module: ti.cloudpush 3.3.4 @ /Users/fuerst/Library/Application Support/Titanium/modules/android/ti.cloudpush/3.3.4
[DEBUG]  Detected android module: ti.cloudpush 3.3.5 @ /Users/fuerst/Library/Application Support/Titanium/modules/android/ti.cloudpush/3.3.5
[DEBUG]  Detected android module: ti.cloudpush 3.3.7 @ /Users/fuerst/Library/Application Support/Titanium/modules/android/ti.cloudpush/3.3.7
[DEBUG]  Detected android module: ti.cloudpush 3.3.8 @ /Users/fuerst/Library/Application Support/Titanium/modules/android/ti.cloudpush/3.3.8
[DEBUG]  Detected android module: ti.cloudpush 3.4.0 @ /Users/fuerst/Library/Application Support/Titanium/modules/android/ti.cloudpush/3.4.0
[DEBUG]  Detected android module: ti.compression 1.0 @ /Users/fuerst/Library/Application Support/Titanium/modules/android/ti.compression/1.0
[DEBUG]  Detected android module: ti.compression 2.0 @ /Users/fuerst/Library/Application Support/Titanium/modules/android/ti.compression/2.0
[DEBUG]  Detected android module: ti.draggable 1.2.3 @ /Users/fuerst/Library/Application Support/Titanium/modules/android/ti.draggable/1.2.3
[DEBUG]  Detected android module: ti.draggable 2.0.3 @ /Users/fuerst/Library/Application Support/Titanium/modules/android/ti.draggable/2.0.3
[DEBUG]  Detected android module: ti.expansionfiles 1.0.1 @ /Users/fuerst/Library/Application Support/Titanium/modules/android/ti.expansionfiles/1.0.1
[DEBUG]  Detected android module: ti.flurry 1.2.0 @ /Users/fuerst/Library/Application Support/Titanium/modules/android/ti.flurry/1.2.0
[DEBUG]  Detected android module: ti.ga 1.0.0 @ /Users/fuerst/Library/Application Support/Titanium/modules/android/ti.ga/1.0.0
[DEBUG]  Detected android module: ti.googleanalytics 1.1 @ /Users/fuerst/Library/Application Support/Titanium/modules/android/ti.googleanalytics/1.1
[DEBUG]  Detected android module: ti.imagefactory 2.2.1 @ /Users/fuerst/Library/Application Support/Titanium/modules/android/ti.imagefactory/2.2.1
[DEBUG]  Detected android module: ti.light 0.1 @ /Users/fuerst/Library/Application Support/Titanium/modules/android/ti.light/0.1
[DEBUG]  Detected android module: ti.map 2.1.2 @ /Users/fuerst/Library/Application Support/Titanium/modules/android/ti.map/2.1.2
[DEBUG]  Detected android module: ti.map 2.1.2.nf @ /Users/fuerst/Library/Application Support/Titanium/modules/android/ti.map/2.1.2.nf
[DEBUG]  Detected android module: ti.map 2.1.3 @ /Users/fuerst/Library/Application Support/Titanium/modules/android/ti.map/2.1.3
[DEBUG]  Detected android module: ti.map 2.1.4.fixed @ /Users/fuerst/Library/Application Support/Titanium/modules/android/ti.map/2.1.4.fixed
[DEBUG]  Detected android module: ti.map 2.1.5 @ /Users/fuerst/Library/Application Support/Titanium/modules/android/ti.map/2.1.5
[DEBUG]  Detected android module: ti.map 2.2.2 @ /Users/fuerst/Library/Application Support/Titanium/modules/android/ti.map/2.2.2
[DEBUG]  Detected android module: ti.map 2.2.3 @ /Users/fuerst/Library/Application Support/Titanium/modules/android/ti.map/2.2.3
[DEBUG]  Detected android module: ti.map 2.3.0 @ /Users/fuerst/Library/Application Support/Titanium/modules/android/ti.map/2.3.0
[DEBUG]  Detected android module: ti.map 2.3.1 @ /Users/fuerst/Library/Application Support/Titanium/modules/android/ti.map/2.3.1
[DEBUG]  Detected android module: ti.map 2.3.3 @ /Users/fuerst/Library/Application Support/Titanium/modules/android/ti.map/2.3.3
[DEBUG]  Detected android module: ti.map 3.0.0 @ /Users/fuerst/Library/Application Support/Titanium/modules/android/ti.map/3.0.0
[DEBUG]  Detected android module: ti.map 3.0.0.Rai @ /Users/fuerst/Library/Application Support/Titanium/modules/android/ti.map/3.0.0.Rai
[DEBUG]  Detected android module: ti.mely 0.1 @ /Users/fuerst/Library/Application Support/Titanium/modules/android/ti.mely/0.1
[DEBUG]  Detected android module: ti.sq 0.2 @ /Users/fuerst/Library/Application Support/Titanium/modules/android/ti.sq/0.2
[DEBUG]  Detected android module: titutorial.audiorecorder 0.1 @ /Users/fuerst/Library/Application Support/Titanium/modules/android/titutorial.audiorecorder/0.1
[DEBUG]  Detected android module: titutorial.ratingbar 0.1 @ /Users/fuerst/Library/Application Support/Titanium/modules/android/titutorial.ratingbar/0.1
[DEBUG]  Detected android module: titutorial.youtubeplayer 0.1 @ /Users/fuerst/Library/Application Support/Titanium/modules/android/titutorial.youtubeplayer/0.1
[DEBUG]  Detected android module: yy.defaultfont 0.1 @ /Users/fuerst/Library/Application Support/Titanium/modules/android/yy.defaultfont/0.1
[DEBUG]  Detected android module: yy.tidialogs 0.3 @ /Users/fuerst/Library/Application Support/Titanium/modules/android/yy.tidialogs/0.3
[DEBUG]  Detected android module: yy.tidialogs 0.4 @ /Users/fuerst/Library/Application Support/Titanium/modules/android/yy.tidialogs/0.4
[DEBUG]  Detected commonjs module: co.lanica.chipmunk2d.debugdraw 1.0.0 @ /Users/fuerst/Library/Application Support/Titanium/modules/commonjs/co.lanica.chipmunk2d.debugdraw/1.0.0
[DEBUG]  Detected commonjs module: co.lanica.platino 1.0.0 @ /Users/fuerst/Library/Application Support/Titanium/modules/commonjs/co.lanica.platino/1.0.0
[DEBUG]  Detected commonjs module: com.baqend.js-sdk 0.9.3-SNAPSHOT @ /Users/fuerst/Library/Application Support/Titanium/modules/commonjs/com.baqend.js-sdk/0.9.3-SNAPSHOT
[DEBUG]  Detected commonjs module: de.appwerft.geotools 0.0.3 @ /Users/fuerst/Library/Application Support/Titanium/modules/commonjs/de.appwerft.geotools/0.0.3
[DEBUG]  Detected commonjs module: org.favo.promise 1.0.0 @ /Users/fuerst/Library/Application Support/Titanium/modules/commonjs/org.favo.promise/1.0.0
[DEBUG]  Detected commonjs module: pdfmake 0.1.18 @ /Users/fuerst/Library/Application Support/Titanium/modules/commonjs/pdfmake/0.1.18
[DEBUG]  Detected commonjs module: superagent 0.7.0 @ /Users/fuerst/Library/Application Support/Titanium/modules/commonjs/superagent/0.7.0
[DEBUG]  Detected commonjs module: ti.cloud 2.3.0 @ /Users/fuerst/Library/Application Support/Titanium/modules/commonjs/ti.cloud/2.3.0
[DEBUG]  Detected commonjs module: ti.cloud 2.3.7 @ /Users/fuerst/Library/Application Support/Titanium/modules/commonjs/ti.cloud/2.3.7
[DEBUG]  Detected commonjs module: ti.cloud 3.2.0 @ /Users/fuerst/Library/Application Support/Titanium/modules/commonjs/ti.cloud/3.2.0
[DEBUG]  Detected commonjs module: ti.cloud 3.2.1 @ /Users/fuerst/Library/Application Support/Titanium/modules/commonjs/ti.cloud/3.2.1
[DEBUG]  Detected commonjs module: ti.cloud 3.2.3 @ /Users/fuerst/Library/Application Support/Titanium/modules/commonjs/ti.cloud/3.2.3
[DEBUG]  Detected commonjs module: ti.cloud 3.2.5 @ /Users/fuerst/Library/Application Support/Titanium/modules/commonjs/ti.cloud/3.2.5
[DEBUG]  Detected commonjs module: ti.cloud 3.2.7 @ /Users/fuerst/Library/Application Support/Titanium/modules/commonjs/ti.cloud/3.2.7
[DEBUG]  Detected commonjs module: ti.cloud 3.2.8 @ /Users/fuerst/Library/Application Support/Titanium/modules/commonjs/ti.cloud/3.2.8
[DEBUG]  Detected commonjs module: ti.cloud 3.2.9 @ /Users/fuerst/Library/Application Support/Titanium/modules/commonjs/ti.cloud/3.2.9
[DEBUG]  Detected commonjs module: ti.js2xml 0.1.4 @ /Users/fuerst/Library/Application Support/Titanium/modules/commonjs/ti.js2xml/0.1.4
[DEBUG]  Detected commonjs module: tinkerforge 2.0.2 @ /Users/fuerst/Library/Application Support/Titanium/modules/commonjs/tinkerforge/2.0.2
[DEBUG]  Detected commonjs module: ts.videoprovider 1.0.0 @ /Users/fuerst/Library/Application Support/Titanium/modules/commonjs/ts.videoprovider/1.0.0
[DEBUG]  Detected iphone module: ag.calendar 1.2.8 @ /Users/fuerst/Library/Application Support/Titanium/modules/iphone/ag.calendar/1.2.8
[DEBUG]  Detected iphone module: analytics.google 1.0 @ /Users/fuerst/Library/Application Support/Titanium/modules/iphone/analytics.google/1.0
[DEBUG]  Detected iphone module: appcelerator.encrypteddatabase 1.0.4 @ /Users/fuerst/Library/Application Support/Titanium/modules/iphone/appcelerator.encrypteddatabase/1.0.4
[DEBUG]  Detected iphone module: BCB.bonjourService 1.0.0 @ /Users/fuerst/Library/Application Support/Titanium/modules/iphone/bcb.bonjourservice/1.0.0
[DEBUG]  Detected iphone module: BCB.bonjourService 1.0.1 @ /Users/fuerst/Library/Application Support/Titanium/modules/iphone/bcb.bonjourservice/1.0.1
[DEBUG]  Detected iphone module: BCB.bonjourService 1.0.2 @ /Users/fuerst/Library/Application Support/Titanium/modules/iphone/bcb.bonjourservice/1.0.2
[DEBUG]  Detected iphone module: BCB.bonjourService 1.0.3 @ /Users/fuerst/Library/Application Support/Titanium/modules/iphone/bcb.bonjourservice/1.0.3
[DEBUG]  Detected iphone module: BCB.bonjourService 1.0.4 @ /Users/fuerst/Library/Application Support/Titanium/modules/iphone/bcb.bonjourservice/1.0.4
[DEBUG]  Detected iphone module: bcbhh.bestsign 0.1 @ /Users/fuerst/Library/Application Support/Titanium/modules/iphone/bcbhh.bestsign/0.1
[DEBUG]  Detected iphone module: be.k0suke.tiisrefreshcontrol 0.2 @ /Users/fuerst/Library/Application Support/Titanium/modules/iphone/be.k0suke.tiisrefreshcontrol/0.2
[DEBUG]  Detected iphone module: be.k0suke.tisystemsound 0.1 @ /Users/fuerst/Library/Application Support/Titanium/modules/iphone/be.k0suke.tisystemsound/0.1
[DEBUG]  Detected iphone module: bencoding.dictionary 1.2.1 @ /Users/fuerst/Library/Application Support/Titanium/modules/iphone/bencoding.dictionary/1.2.1
[DEBUG]  Detected iphone module: bencoding.localnotify 0.44 @ /Users/fuerst/Library/Application Support/Titanium/modules/iphone/bencoding.localnotify/0.44
[DEBUG]  Detected iphone module: bencoding.localnotify 0.45 @ /Users/fuerst/Library/Application Support/Titanium/modules/iphone/bencoding.localnotify/0.45
[DEBUG]  Detected iphone module: bencoding.utterance 0.5.beta @ /Users/fuerst/Library/Application Support/Titanium/modules/iphone/bencoding.utterance/0.5.beta
[DEBUG]  Detected iphone module: co.kommit.gtm 0.0.1 @ /Users/fuerst/Library/Application Support/Titanium/modules/iphone/co.kommit.gtm/0.0.1
[DEBUG]  Detected iphone module: co.lanica.almixer 0.5 @ /Users/fuerst/Library/Application Support/Titanium/modules/iphone/co.lanica.almixer/0.5
[DEBUG]  Detected iphone module: co.lanica.chipmunk2d 0.5 @ /Users/fuerst/Library/Application Support/Titanium/modules/iphone/co.lanica.chipmunk2d/0.5
[DEBUG]  Detected iphone module: com.0x82.sharekit 0.3 @ /Users/fuerst/Library/Application Support/Titanium/modules/iphone/com.0x82.sharekit/0.3
[DEBUG]  Detected iphone module: com.0x82.sharekit 0.4 @ /Users/fuerst/Library/Application Support/Titanium/modules/iphone/com.0x82.sharekit/0.4
[DEBUG]  Detected iphone module: com.apaladini.devicemodel 0.1 @ /Users/fuerst/Library/Application Support/Titanium/modules/iphone/com.apaladini.devicemodel/0.1
[DEBUG]  Detected iphone module: com.appcelerator.apm 1.1.1 @ /Users/fuerst/Library/Application Support/Titanium/modules/iphone/com.appcelerator.apm/1.1.1
[DEBUG]  Detected iphone module: com.appcelerator.urlSession 1.0.0 @ /Users/fuerst/Library/Application Support/Titanium/modules/iphone/com.appcelerator.urlSession/1.0.0
[DEBUG]  Detected iphone module: com.appcelerator.urlSession 1.0.1 @ /Users/fuerst/Library/Application Support/Titanium/modules/iphone/com.appcelerator.urlSession/1.0.1
[DEBUG]  Detected iphone module: com.appcelerator.urlSession 1.1.0 @ /Users/fuerst/Library/Application Support/Titanium/modules/iphone/com.appcelerator.urlSession/1.1.0
[DEBUG]  Detected iphone module: com.appcelerator.urlSession 1.1.1 @ /Users/fuerst/Library/Application Support/Titanium/modules/iphone/com.appcelerator.urlSession/1.1.1
[DEBUG]  Detected iphone module: com.appmodulator.offline 1.3 @ /Users/fuerst/Library/Application Support/Titanium/modules/iphone/com.appmodulator.offline/1.3
[DEBUG]  Detected iphone module: com.googlecode.quicktigame2d 1.0 @ /Users/fuerst/Library/Application Support/Titanium/modules/iphone/com.googlecode.quicktigame2d/1.0
[DEBUG]  Detected iphone module: com.infinery.pageflip 1.0 @ /Users/fuerst/Library/Application Support/Titanium/modules/iphone/com.infinery.pageflip/1.0
[DEBUG]  Detected iphone module: com.kuchbee.quickpdf 2.0 @ /Users/fuerst/Library/Application Support/Titanium/modules/iphone/com.kuchbee.quickpdf/2.0
[DEBUG]  Detected iphone module: com.mcongrove.pebble 1.1 @ /Users/fuerst/Library/Application Support/Titanium/modules/iphone/com.mcongrove.pebble/1.1
[DEBUG]  Detected iphone module: com.mfogg.squarecamera 0.7 @ /Users/fuerst/Library/Application Support/Titanium/modules/iphone/com.mfogg.squarecamera/0.7
[DEBUG]  Detected iphone module: com.mirasense.scanditsdk 4.3.0 @ /Users/fuerst/Library/Application Support/Titanium/modules/iphone/com.mirasense.scanditsdk/4.3.0
[DEBUG]  Detected iphone module: com.obscure.ticarousel 1.2 @ /Users/fuerst/Library/Application Support/Titanium/modules/iphone/com.obscure.ticarousel/1.2
[DEBUG]  Detected iphone module: com.omorandi 0.2 @ /Users/fuerst/Library/Application Support/Titanium/modules/iphone/com.omorandi/0.2
[DEBUG]  Detected iphone module: com.polancomedia.mapbox 0.4 @ /Users/fuerst/Library/Application Support/Titanium/modules/iphone/com.polancomedia.mapbox/0.4
[DEBUG]  Detected iphone module: com.pspdfkit 3.5.0 @ /Users/fuerst/Library/Application Support/Titanium/modules/iphone/com.pspdfkit/3.5.0
[DEBUG]  Detected iphone module: com.ti.calendar 0.1 @ /Users/fuerst/Library/Application Support/Titanium/modules/iphone/com.ti.calendar/0.1
[DEBUG]  Detected iphone module: com.wikitude.ti 4.1.0 @ /Users/fuerst/Library/Application Support/Titanium/modules/iphone/com.wikitude.ti/4.1.0
[DEBUG]  Detected iphone module: com.yydigital.tintswitch 0.2.1 @ /Users/fuerst/Library/Application Support/Titanium/modules/iphone/com.yydigital.tintswitch/0.2.1
[DEBUG]  Detected iphone module: de.appwerft.sqlitemirror 1.0.0 @ /Users/fuerst/Library/Application Support/Titanium/modules/iphone/de.appwerft.sqlitemirror/1.0.0
[DEBUG]  Detected iphone module: de.appwerft.testjsmodule 1.0.0 @ /Users/fuerst/Library/Application Support/Titanium/modules/iphone/de.appwerft.testjsmodule/1.0.0
[DEBUG]  Detected iphone module: de.appwerft.view360 1.0.0 @ /Users/fuerst/Library/Application Support/Titanium/modules/iphone/de.appwerft.view360/1.0.0
[DEBUG]  Detected iphone module: de.marcelpociot.circularprogress 1.1 @ /Users/fuerst/Library/Application Support/Titanium/modules/iphone/de.marcelpociot.circularprogress/1.1
[DEBUG]  Detected iphone module: de.marcelpociot.circularslider 1.1.0 @ /Users/fuerst/Library/Application Support/Titanium/modules/iphone/de.marcelpociot.circularslider/1.1.0
[DEBUG]  Detected iphone module: de.marcelpociot.transitioncontroller 1.0.0 @ /Users/fuerst/Library/Application Support/Titanium/modules/iphone/de.marcelpociot.transitioncontroller/1.0.0
[DEBUG]  Detected iphone module: dk.napp.drawer 1.1.6 @ /Users/fuerst/Library/Application Support/Titanium/modules/iphone/dk.napp.drawer/1.1.6
[DEBUG]  Detected iphone module: dk.napp.imageview 1.0.1 @ /Users/fuerst/Library/Application Support/Titanium/modules/iphone/dk.napp.imageview/1.0.1
[DEBUG]  Detected iphone module: dk.napp.slidemenu 1.4.2 @ /Users/fuerst/Library/Application Support/Titanium/modules/iphone/dk.napp.slidemenu/1.4.2
[DEBUG]  Detected iphone module: dk.napp.social 1.7.9 @ /Users/fuerst/Library/Application Support/Titanium/modules/iphone/dk.napp.social/1.7.9
[DEBUG]  Detected iphone module: dk.napp.ui 1.2.3 @ /Users/fuerst/Library/Application Support/Titanium/modules/iphone/dk.napp.ui/1.2.3
[DEBUG]  Detected iphone module: facebook 3.1.1 @ /Users/fuerst/Library/Application Support/Titanium/modules/iphone/facebook/3.1.1
[DEBUG]  Detected iphone module: facebook 3.1.2 @ /Users/fuerst/Library/Application Support/Titanium/modules/iphone/facebook/3.1.2
[DEBUG]  Detected iphone module: facebook 3.2.0 @ /Users/fuerst/Library/Application Support/Titanium/modules/iphone/facebook/3.2.0
[DEBUG]  Detected iphone module: facebook 4.0.0 @ /Users/fuerst/Library/Application Support/Titanium/modules/iphone/facebook/4.0.0
[DEBUG]  Detected iphone module: facebook 4.0.3 @ /Users/fuerst/Library/Application Support/Titanium/modules/iphone/facebook/4.0.3
[DEBUG]  Detected iphone module: facebook 4.0.4 @ /Users/fuerst/Library/Application Support/Titanium/modules/iphone/facebook/4.0.4
[DEBUG]  Detected iphone module: facebook 4.0.5 @ /Users/fuerst/Library/Application Support/Titanium/modules/iphone/facebook/4.0.5
[DEBUG]  Detected iphone module: io.platino 2.9.0 @ /Users/fuerst/Library/Application Support/Titanium/modules/iphone/io.platino/2.9.0
[DEBUG]  Detected iphone module: me.izen.tabbar 1.0 @ /Users/fuerst/Library/Application Support/Titanium/modules/iphone/me.izen.tabbar/1.0
[DEBUG]  Detected iphone module: net.iamyellow.tiws 0.3 @ /Users/fuerst/Library/Application Support/Titanium/modules/iphone/net.iamyellow.tiws/0.3
[DEBUG]  Detected iphone module: net.iamyellow.tiws 0.5 @ /Users/fuerst/Library/Application Support/Titanium/modules/iphone/net.iamyellow.tiws/0.5
[DEBUG]  Detected iphone module: org.bcbhh.iosflipview 1.0.12 @ /Users/fuerst/Library/Application Support/Titanium/modules/iphone/org.bcbhh.iosflipview/1.0.12
[DEBUG]  Detected iphone module: org.bcbhh.iosflipview 1.0.13 @ /Users/fuerst/Library/Application Support/Titanium/modules/iphone/org.bcbhh.iosflipview/1.0.13
[DEBUG]  Detected iphone module: org.bcbhh.iosflipview 1.0.14 @ /Users/fuerst/Library/Application Support/Titanium/modules/iphone/org.bcbhh.iosflipview/1.0.14
[DEBUG]  Detected iphone module: org.beuckman.tibeacons 0.82 @ /Users/fuerst/Library/Application Support/Titanium/modules/iphone/org.beuckman.tibeacons/0.82
[DEBUG]  Detected iphone module: path.animator 1.0 @ /Users/fuerst/Library/Application Support/Titanium/modules/iphone/path.animator/1.0
[DEBUG]  Detected iphone module: ti.airprint 1.2 @ /Users/fuerst/Library/Application Support/Titanium/modules/iphone/ti.airprint/1.2
[DEBUG]  Detected iphone module: ti.barcode 1.8.1 @ /Users/fuerst/Library/Application Support/Titanium/modules/iphone/ti.barcode/1.8.1
[DEBUG]  Detected iphone module: ti.box2d 0.9 @ /Users/fuerst/Library/Application Support/Titanium/modules/iphone/ti.box2d/0.9
[DEBUG]  Detected iphone module: ti.charts 1.4 @ /Users/fuerst/Library/Application Support/Titanium/modules/iphone/ti.charts/1.4
[DEBUG]  Detected iphone module: ti.columns 1.2 @ /Users/fuerst/Library/Application Support/Titanium/modules/iphone/ti.columns/1.2
[DEBUG]  Detected iphone module: ti.compression 1.0 @ /Users/fuerst/Library/Application Support/Titanium/modules/iphone/ti.compression/1.0
[DEBUG]  Detected iphone module: ti.coremotion 1.0.1 @ /Users/fuerst/Library/Application Support/Titanium/modules/iphone/ti.coremotion/1.0.1
[DEBUG]  Detected iphone module: ti.coremotion 1.1.0 @ /Users/fuerst/Library/Application Support/Titanium/modules/iphone/ti.coremotion/1.1.0
[DEBUG]  Detected iphone module: ti.draggable 2.0.4 @ /Users/fuerst/Library/Application Support/Titanium/modules/iphone/ti.draggable/2.0.4
[DEBUG]  Detected iphone module: ti.flurry 1.5 @ /Users/fuerst/Library/Application Support/Titanium/modules/iphone/ti.flurry/1.5
[DEBUG]  Detected iphone module: ti.ga 1.0.1 @ /Users/fuerst/Library/Application Support/Titanium/modules/iphone/ti.ga/1.0.1
[DEBUG]  Detected iphone module: ti.gamekit 1.4 @ /Users/fuerst/Library/Application Support/Titanium/modules/iphone/ti.gamekit/1.4
[DEBUG]  Detected iphone module: ti.googleanalytics 1.2 @ /Users/fuerst/Library/Application Support/Titanium/modules/iphone/ti.googleanalytics/1.2
[DEBUG]  Detected iphone module: ti.googleanalytics 1.4 @ /Users/fuerst/Library/Application Support/Titanium/modules/iphone/ti.googleanalytics/1.4
[DEBUG]  Detected iphone module: ti.imagefactory 1.1 @ /Users/fuerst/Library/Application Support/Titanium/modules/iphone/ti.imagefactory/1.1
[DEBUG]  Detected iphone module: ti.light 0.1 @ /Users/fuerst/Library/Application Support/Titanium/modules/iphone/ti.light/0.1
[DEBUG]  Detected iphone module: ti.map 2.2.0 @ /Users/fuerst/Library/Application Support/Titanium/modules/iphone/ti.map/2.2.0
[DEBUG]  Detected iphone module: ti.map 2.2.1 @ /Users/fuerst/Library/Application Support/Titanium/modules/iphone/ti.map/2.2.1
[DEBUG]  Detected iphone module: ti.map 2.2.2 @ /Users/fuerst/Library/Application Support/Titanium/modules/iphone/ti.map/2.2.2
[DEBUG]  Detected iphone module: ti.map 2.3.1 @ /Users/fuerst/Library/Application Support/Titanium/modules/iphone/ti.map/2.3.1
[DEBUG]  Detected iphone module: ti.map 2.3.3 @ /Users/fuerst/Library/Application Support/Titanium/modules/iphone/ti.map/2.3.3
[DEBUG]  Detected iphone module: ti.map 2.4.1 @ /Users/fuerst/Library/Application Support/Titanium/modules/iphone/ti.map/2.4.1
[DEBUG]  Detected iphone module: ti.mely 0.1 @ /Users/fuerst/Library/Application Support/Titanium/modules/iphone/ti.mely/0.1
[DEBUG]  Detected iphone module: ti.pageflip 1.8.3 @ /Users/fuerst/Library/Application Support/Titanium/modules/iphone/ti.pageflip/1.8.3
[DEBUG]  Detected iphone module: ti.paint 1.0 @ /Users/fuerst/Library/Application Support/Titanium/modules/iphone/ti.paint/1.0
[DEBUG]  Detected iphone module: ti.paint 1.1 @ /Users/fuerst/Library/Application Support/Titanium/modules/iphone/ti.paint/1.1
[DEBUG]  Detected iphone module: ti.paint 1.3 @ /Users/fuerst/Library/Application Support/Titanium/modules/iphone/ti.paint/1.3
[DEBUG]  Detected iphone module: ti.paypal 1.3 @ /Users/fuerst/Library/Application Support/Titanium/modules/iphone/ti.paypal/1.3
[DEBUG]  Detected iphone module: ti.quicklook 1.2 @ /Users/fuerst/Library/Application Support/Titanium/modules/iphone/ti.quicklook/1.2
[DEBUG]  Detected iphone module: ti.sms 1.0 @ /Users/fuerst/Library/Application Support/Titanium/modules/iphone/ti.sms/1.0
[DEBUG]  Detected iphone module: ti.soundsampler 1.0 @ /Users/fuerst/Library/Application Support/Titanium/modules/iphone/ti.soundsampler/1.0
[DEBUG]  Detected iphone module: ti.sq 0.4 @ /Users/fuerst/Library/Application Support/Titanium/modules/iphone/ti.sq/0.4
[DEBUG]  Detected iphone module: ti.storekit 1.2 @ /Users/fuerst/Library/Application Support/Titanium/modules/iphone/ti.storekit/1.2
[DEBUG]  Detected iphone module: ti.styledlabel 1.5.1 @ /Users/fuerst/Library/Application Support/Titanium/modules/iphone/ti.styledlabel/1.5.1
[DEBUG]  Detected iphone module: ti.touchid 1.0 @ /Users/fuerst/Library/Application Support/Titanium/modules/iphone/ti.touchid/1.0
[DEBUG]  Detected iphone module: ti.touchid 1.1.0 @ /Users/fuerst/Library/Application Support/Titanium/modules/iphone/ti.touchid/1.1.0
[DEBUG]  Detected iphone module: ti.tvout 1.1 @ /Users/fuerst/Library/Application Support/Titanium/modules/iphone/ti.tvout/1.1
[DEBUG]  Detected iphone module: tibar 0.4.1 @ /Users/fuerst/Library/Application Support/Titanium/modules/iphone/tibar/0.4.1
[DEBUG]  Detected iphone module: tibar 0.4.2 @ /Users/fuerst/Library/Application Support/Titanium/modules/iphone/tibar/0.4.2
[DEBUG]  Detected tizen module: tizen 3.0.0 @ /Users/fuerst/Library/Application Support/Titanium/modules/tizen/tizen/3.0.0
[DEBUG]  Detecting modules in /Library/Application Support/Titanium/modules
[DEBUG]  Detected android module: analytics.google 1.0 @ /Library/Application Support/Titanium/modules/android/analytics.google/1.0
[DEBUG]  Detected android module: appcelerator.https 1.0.0 @ /Library/Application Support/Titanium/modules/android/appcelerator.https/1.0.0
[DEBUG]  Detected android module: bencoding.alarmmanager 0.11 @ /Library/Application Support/Titanium/modules/android/bencoding.alarmmanager/0.11
[DEBUG]  Detected android module: bencoding.alarmmanager 0.123 @ /Library/Application Support/Titanium/modules/android/bencoding.alarmmanager/0.123
[DEBUG]  Detected android module: bencoding.alarmmanager 0.123RAI @ /Library/Application Support/Titanium/modules/android/bencoding.alarmmanager/0.123RAI
[DEBUG]  Detected android module: bencoding.alarmmanager 0.13 @ /Library/Application Support/Titanium/modules/android/bencoding.alarmmanager/0.13
[DEBUG]  Detected android module: bencoding.android.tools 0.31 @ /Library/Application Support/Titanium/modules/android/bencoding.android.tools/0.31
[DEBUG]  Detected android module: bencoding.blur 0.1 @ /Library/Application Support/Titanium/modules/android/bencoding.blur/0.1
[DEBUG]  Detected android module: co.il.webe.speechrecognizer 1.0 @ /Library/Application Support/Titanium/modules/android/co.il.webe.speechrecognizer/1.0
[DEBUG]  Detected android module: co.kommit.gtm 0.0.1 @ /Library/Application Support/Titanium/modules/android/co.kommit.gtm/0.0.1
[DEBUG]  Detected android module: com.abp.chooseintent 1.0 @ /Library/Application Support/Titanium/modules/android/com.abp.chooseintent/1.0
[DEBUG]  Detected android module: com.alcoapps.actionbarextras 1.6.1 @ /Library/Application Support/Titanium/modules/android/com.alcoapps.actionbarextras/1.6.1
[DEBUG]  Detected android module: com.alcoapps.actionbarextras 1.6.5 @ /Library/Application Support/Titanium/modules/android/com.alcoapps.actionbarextras/1.6.5
[DEBUG]  Detected android module: com.alcoapps.actionbarextras 1.6.7 @ /Library/Application Support/Titanium/modules/android/com.alcoapps.actionbarextras/1.6.7
[DEBUG]  Detected android module: com.alcoapps.actionbarextras 1.6.8 @ /Library/Application Support/Titanium/modules/android/com.alcoapps.actionbarextras/1.6.8
[DEBUG]  Detected android module: com.appcelerator.apm 1.1.1 @ /Library/Application Support/Titanium/modules/android/com.appcelerator.apm/1.1.1
[DEBUG]  Detected android module: com.appcelerator.apm 1.1.5 @ /Library/Application Support/Titanium/modules/android/com.appcelerator.apm/1.1.5
[DEBUG]  Detected android module: com.batasoft.appicons 2.0 @ /Library/Application Support/Titanium/modules/android/com.batasoft.appicons/2.0
[DEBUG]  Detected android module: com.gbaldera.titouchgallery 1.1 @ /Library/Application Support/Titanium/modules/android/com.gbaldera.titouchgallery/1.1
[DEBUG]  Detected android module: com.gbaldera.titouchgallery 1.2 @ /Library/Application Support/Titanium/modules/android/com.gbaldera.titouchgallery/1.2
[DEBUG]  Detected android module: com.googlecode.quicktigame2d 1.0 @ /Library/Application Support/Titanium/modules/android/com.googlecode.quicktigame2d/1.0
[DEBUG]  Detected android module: com.goyya.telephonymanager 1.0.0 @ /Library/Application Support/Titanium/modules/android/com.goyya.telephonymanager/1.0.0
[DEBUG]  Detected android module: com.ionrod.accountmanager 1.0.0 @ /Library/Application Support/Titanium/modules/android/com.ionrod.accountmanager/1.0.0
[DEBUG]  Detected android module: com.kosso.tiandroidaudioplayer 0.1 @ /Library/Application Support/Titanium/modules/android/com.kosso.tiandroidaudioplayer/0.1
[DEBUG]  Detected android module: com.liferay.beacons 0.1 @ /Library/Application Support/Titanium/modules/android/com.liferay.beacons/0.1
[DEBUG]  Detected android module: com.mcongrove.pebble 1.1 @ /Library/Application Support/Titanium/modules/android/com.mcongrove.pebble/1.1
[DEBUG]  Detected android module: com.mirasense.scanditsdk 4.3.0 @ /Library/Application Support/Titanium/modules/android/com.mirasense.scanditsdk/4.3.0
[DEBUG]  Detected android module: com.mykingdom.mupdf 1.8 @ /Library/Application Support/Titanium/modules/android/com.mykingdom.mupdf/1.8
[DEBUG]  Detected android module: com.navid.tabs 1.0 @ /Library/Application Support/Titanium/modules/android/com.navid.tabs/1.0
[DEBUG]  Detected android module: com.rkam.swiperefreshlayout 0.4.1 @ /Library/Application Support/Titanium/modules/android/com.rkam.swiperefreshlayout/0.4.1
[DEBUG]  Detected android module: com.tripvi.drawerlayout 1.1.1 @ /Library/Application Support/Titanium/modules/android/com.tripvi.drawerlayout/1.1.1
[DEBUG]  Detected android module: com.tripvi.drawerlayout 1.2.2 @ /Library/Application Support/Titanium/modules/android/com.tripvi.drawerlayout/1.2.2
[DEBUG]  Detected android module: com.universalavenue.ticrosswalk 1.3.0 @ /Library/Application Support/Titanium/modules/android/com.universalavenue.ticrosswalk/1.3.0
[DEBUG]  Detected android module: com.universalavenue.ticrosswalk 1.3.1 @ /Library/Application Support/Titanium/modules/android/com.universalavenue.ticrosswalk/1.3.1
[DEBUG]  Detected android module: com.wikitude.ti 4.1.0 @ /Library/Application Support/Titanium/modules/android/com.wikitude.ti/4.1.0
[DEBUG]  Detected android module: com.wikitude.ti 5.0.0 @ /Library/Application Support/Titanium/modules/android/com.wikitude.ti/5.0.0
[DEBUG]  Detected android module: com.woohoo.androidaudiostreamer 1.7.1 @ /Library/Application Support/Titanium/modules/android/com.woohoo.androidaudiostreamer/1.7.1
[DEBUG]  Detected android module: com.wwl.canvas 1.0 @ /Library/Application Support/Titanium/modules/android/com.wwl.canvas/1.0
[DEBUG]  Detected android module: de.manumaticx.androidflip 1.0.1 @ /Library/Application Support/Titanium/modules/android/de.manumaticx.androidflip/1.0.1
[DEBUG]  Detected android module: de.manumaticx.crouton 1.2.3 @ /Library/Application Support/Titanium/modules/android/de.manumaticx.crouton/1.2.3
[DEBUG]  Detected android module: de.manumaticx.printmanager 1.0.0 @ /Library/Application Support/Titanium/modules/android/de.manumaticx.printmanager/1.0.0
[DEBUG]  Detected android module: de.marcelpociot.circularslider 1.0 @ /Library/Application Support/Titanium/modules/android/de.marcelpociot.circularslider/1.0
[DEBUG]  Detected android module: dk.napp.flashlight 1.0 @ /Library/Application Support/Titanium/modules/android/dk.napp.flashlight/1.0
[DEBUG]  Detected android module: facebook 3.0.3 @ /Library/Application Support/Titanium/modules/android/facebook/3.0.3
[DEBUG]  Detected android module: facebook 4.0.3 @ /Library/Application Support/Titanium/modules/android/facebook/4.0.3
[DEBUG]  Detected android module: facebook 4.0.4 @ /Library/Application Support/Titanium/modules/android/facebook/4.0.4
[DEBUG]  Detected android module: facebook 4.0.5 @ /Library/Application Support/Titanium/modules/android/facebook/4.0.5
[DEBUG]  Detected android module: io.platino 3.0.0 @ /Library/Application Support/Titanium/modules/android/io.platino/3.0.0
[DEBUG]  Detected android module: jp.isisredirect.speechrecognizer 2.0 @ /Library/Application Support/Titanium/modules/android/jp.isisredirect.speechrecognizer/2.0
[DEBUG]  Detected android module: jp.isisredirect.speechrecognizer 3.0 @ /Library/Application Support/Titanium/modules/android/jp.isisredirect.speechrecognizer/3.0
[DEBUG]  Detected android module: miga.tibeacon 1.6.3 @ /Library/Application Support/Titanium/modules/android/miga.tibeacon/1.6.3
[DEBUG]  Detected android module: net.iamyellow.gcmjs 0.2 @ /Library/Application Support/Titanium/modules/android/net.iamyellow.gcmjs/0.2
[DEBUG]  Detected android module: net.iamyellow.tiws 0.1 @ /Library/Application Support/Titanium/modules/android/net.iamyellow.tiws/0.1
[DEBUG]  Detected android module: org.bcbhh 1.0.0 @ /Library/Application Support/Titanium/modules/android/org.bcbhh/1.0.0
[DEBUG]  Detected android module: org.iotashan.TiTouchImageView 1.0.0 @ /Library/Application Support/Titanium/modules/android/org.iotashan.titouchimageview/1.0.0
[DEBUG]  Detected android module: org.iotashan.TiTouchImageView 1.0.1 @ /Library/Application Support/Titanium/modules/android/org.iotashan.titouchimageview/1.0.1
[DEBUG]  Detected android module: org.iotashan.TiTouchImageView 1.0.2 @ /Library/Application Support/Titanium/modules/android/org.iotashan.titouchimageview/1.0.2
[DEBUG]  Detected android module: org.mumumu.ti.android.speech 0.3 @ /Library/Application Support/Titanium/modules/android/org.mumumu.ti.android.speech/0.3
[DEBUG]  Detected android module: ti.barcode 1.7 @ /Library/Application Support/Titanium/modules/android/ti.barcode/1.7
[DEBUG]  Detected android module: ti.barcode 2.3.0 @ /Library/Application Support/Titanium/modules/android/ti.barcode/2.3.0
[DEBUG]  Detected android module: ti.cloudpush 2.0.1 @ /Library/Application Support/Titanium/modules/android/ti.cloudpush/2.0.1
[DEBUG]  Detected android module: ti.cloudpush 2.0.5 @ /Library/Application Support/Titanium/modules/android/ti.cloudpush/2.0.5
[DEBUG]  Detected android module: ti.cloudpush 2.0.7 @ /Library/Application Support/Titanium/modules/android/ti.cloudpush/2.0.7
[DEBUG]  Detected android module: ti.cloudpush 2.1.0 @ /Library/Application Support/Titanium/modules/android/ti.cloudpush/2.1.0
[DEBUG]  Detected android module: ti.cloudpush 2.2.0 @ /Library/Application Support/Titanium/modules/android/ti.cloudpush/2.2.0
[DEBUG]  Detected android module: ti.cloudpush 2.3.0 @ /Library/Application Support/Titanium/modules/android/ti.cloudpush/2.3.0
[DEBUG]  Detected android module: ti.cloudpush 2.3.2 @ /Library/Application Support/Titanium/modules/android/ti.cloudpush/2.3.2
[DEBUG]  Detected android module: ti.cloudpush 2.3.3 @ /Library/Application Support/Titanium/modules/android/ti.cloudpush/2.3.3
[DEBUG]  Detected android module: ti.cloudpush 3.2.0 @ /Library/Application Support/Titanium/modules/android/ti.cloudpush/3.2.0
[DEBUG]  Detected android module: ti.cloudpush 3.2.1 @ /Library/Application Support/Titanium/modules/android/ti.cloudpush/3.2.1
[DEBUG]  Detected android module: ti.cloudpush 3.3.0 @ /Library/Application Support/Titanium/modules/android/ti.cloudpush/3.3.0
[DEBUG]  Detected android module: ti.cloudpush 3.3.4 @ /Library/Application Support/Titanium/modules/android/ti.cloudpush/3.3.4
[DEBUG]  Detected android module: ti.cloudpush 3.3.5 @ /Library/Application Support/Titanium/modules/android/ti.cloudpush/3.3.5
[DEBUG]  Detected android module: ti.cloudpush 3.3.7 @ /Library/Application Support/Titanium/modules/android/ti.cloudpush/3.3.7
[DEBUG]  Detected android module: ti.cloudpush 3.3.8 @ /Library/Application Support/Titanium/modules/android/ti.cloudpush/3.3.8
[DEBUG]  Detected android module: ti.compression 1.0 @ /Library/Application Support/Titanium/modules/android/ti.compression/1.0
[DEBUG]  Detected android module: ti.compression 2.0 @ /Library/Application Support/Titanium/modules/android/ti.compression/2.0
[DEBUG]  Detected android module: ti.draggable 1.2.3 @ /Library/Application Support/Titanium/modules/android/ti.draggable/1.2.3
[DEBUG]  Detected android module: ti.draggable 2.0.3 @ /Library/Application Support/Titanium/modules/android/ti.draggable/2.0.3
[DEBUG]  Detected android module: ti.expansionfiles 1.0.1 @ /Library/Application Support/Titanium/modules/android/ti.expansionfiles/1.0.1
[DEBUG]  Detected android module: ti.flurry 1.2.0 @ /Library/Application Support/Titanium/modules/android/ti.flurry/1.2.0
[DEBUG]  Detected android module: ti.ga 1.0.0 @ /Library/Application Support/Titanium/modules/android/ti.ga/1.0.0
[DEBUG]  Detected android module: ti.googleanalytics 1.1 @ /Library/Application Support/Titanium/modules/android/ti.googleanalytics/1.1
[DEBUG]  Detected android module: ti.imagefactory 2.2.1 @ /Library/Application Support/Titanium/modules/android/ti.imagefactory/2.2.1
[DEBUG]  Detected android module: ti.light 0.1 @ /Library/Application Support/Titanium/modules/android/ti.light/0.1
[DEBUG]  Detected android module: ti.map 2.1.2 @ /Library/Application Support/Titanium/modules/android/ti.map/2.1.2
[DEBUG]  Detected android module: ti.map 2.1.2.nf @ /Library/Application Support/Titanium/modules/android/ti.map/2.1.2.nf
[DEBUG]  Detected android module: ti.map 2.1.3 @ /Library/Application Support/Titanium/modules/android/ti.map/2.1.3
[DEBUG]  Detected android module: ti.map 2.1.4.fixed @ /Library/Application Support/Titanium/modules/android/ti.map/2.1.4.fixed
[DEBUG]  Detected android module: ti.map 2.1.5 @ /Library/Application Support/Titanium/modules/android/ti.map/2.1.5
[DEBUG]  Detected android module: ti.map 2.2.2 @ /Library/Application Support/Titanium/modules/android/ti.map/2.2.2
[DEBUG]  Detected android module: ti.map 2.2.3 @ /Library/Application Support/Titanium/modules/android/ti.map/2.2.3
[DEBUG]  Detected android module: ti.map 2.3.0 @ /Library/Application Support/Titanium/modules/android/ti.map/2.3.0
[DEBUG]  Detected android module: ti.map 2.3.1 @ /Library/Application Support/Titanium/modules/android/ti.map/2.3.1
[DEBUG]  Detected android module: ti.map 2.3.6 @ /Library/Application Support/Titanium/modules/android/ti.map/2.3.6
[DEBUG]  Detected android module: ti.map 3.0.0 @ /Library/Application Support/Titanium/modules/android/ti.map/3.0.0
[DEBUG]  Detected android module: ti.map 3.0.0.Rai @ /Library/Application Support/Titanium/modules/android/ti.map/3.0.0.Rai
[DEBUG]  Detected android module: ti.mely 0.1 @ /Library/Application Support/Titanium/modules/android/ti.mely/0.1
[DEBUG]  Detected android module: ti.sq 0.2 @ /Library/Application Support/Titanium/modules/android/ti.sq/0.2
[DEBUG]  Detected android module: titutorial.audiorecorder 0.1 @ /Library/Application Support/Titanium/modules/android/titutorial.audiorecorder/0.1
[DEBUG]  Detected android module: titutorial.ratingbar 0.1 @ /Library/Application Support/Titanium/modules/android/titutorial.ratingbar/0.1
[DEBUG]  Detected android module: titutorial.youtubeplayer 0.1 @ /Library/Application Support/Titanium/modules/android/titutorial.youtubeplayer/0.1
[DEBUG]  Detected android module: yy.tidialogs 0.3 @ /Library/Application Support/Titanium/modules/android/yy.tidialogs/0.3
[DEBUG]  Detected android module: yy.tidialogs 0.4 @ /Library/Application Support/Titanium/modules/android/yy.tidialogs/0.4
[DEBUG]  Detected commonjs module: com.baqend.js-sdk 0.9.3-SNAPSHOT @ /Library/Application Support/Titanium/modules/commonjs/com.baqend.js-sdk/0.9.3-SNAPSHOT
[DEBUG]  Detected commonjs module: de.appwerft.geotools 0.0.3 @ /Library/Application Support/Titanium/modules/commonjs/de.appwerft.geotools/0.0.3
[DEBUG]  Detected commonjs module: de.appwerft.qrcode 1.0.0 @ /Library/Application Support/Titanium/modules/commonjs/de.appwerft.qrcode/1.0.0
[DEBUG]  Detected commonjs module: ti-htmlparser2 3.8.0 @ /Library/Application Support/Titanium/modules/commonjs/htmlparser2/3.8.0
[DEBUG]  Detected commonjs module: jp.coe.mod.csvparser 0.1.1 @ /Library/Application Support/Titanium/modules/commonjs/jp.coe.mod.csvparser/0.1.1
[DEBUG]  Detected commonjs module: org.favo.promise 1.0.0 @ /Library/Application Support/Titanium/modules/commonjs/org.favo.promise/1.0.0
[DEBUG]  Detected commonjs module: superagent 0.7.0 @ /Library/Application Support/Titanium/modules/commonjs/superagent/0.7.0
[DEBUG]  Detected commonjs module: ti.cloud 2.3.0 @ /Library/Application Support/Titanium/modules/commonjs/ti.cloud/2.3.0
[DEBUG]  Detected commonjs module: ti.cloud 2.3.7 @ /Library/Application Support/Titanium/modules/commonjs/ti.cloud/2.3.7
[DEBUG]  Detected commonjs module: ti.cloud 3.2.0 @ /Library/Application Support/Titanium/modules/commonjs/ti.cloud/3.2.0
[DEBUG]  Detected commonjs module: ti.cloud 3.2.1 @ /Library/Application Support/Titanium/modules/commonjs/ti.cloud/3.2.1
[DEBUG]  Detected commonjs module: ti.cloud 3.2.3 @ /Library/Application Support/Titanium/modules/commonjs/ti.cloud/3.2.3
[DEBUG]  Detected commonjs module: ti.cloud 3.2.5 @ /Library/Application Support/Titanium/modules/commonjs/ti.cloud/3.2.5
[DEBUG]  Detected commonjs module: ti.cloud 3.2.7 @ /Library/Application Support/Titanium/modules/commonjs/ti.cloud/3.2.7
[DEBUG]  Detected commonjs module: ti.cloud 3.2.8 @ /Library/Application Support/Titanium/modules/commonjs/ti.cloud/3.2.8
[DEBUG]  Detected commonjs module: ti.cloud 3.2.9 @ /Library/Application Support/Titanium/modules/commonjs/ti.cloud/3.2.9
[DEBUG]  Detected commonjs module: ti.js2xml 0.1.4 @ /Library/Application Support/Titanium/modules/commonjs/ti.js2xml/0.1.4
[DEBUG]  Detected commonjs module: tinkerforge 2.0.2 @ /Library/Application Support/Titanium/modules/commonjs/tinkerforge/2.0.2
[DEBUG]  Detected iphone module: ag.calendar 1.2.8 @ /Library/Application Support/Titanium/modules/iphone/ag.calendar/1.2.8
[DEBUG]  Detected iphone module: analytics.google 1.0 @ /Library/Application Support/Titanium/modules/iphone/analytics.google/1.0
[DEBUG]  Detected iphone module: appcelerator.https 1.0.0 @ /Library/Application Support/Titanium/modules/iphone/appcelerator.https/1.0.0
[DEBUG]  Detected iphone module: BCB.bonjourService 1.0.0 @ /Library/Application Support/Titanium/modules/iphone/bcb.bonjourservice/1.0.0
[DEBUG]  Detected iphone module: BCB.bonjourService 1.0.1 @ /Library/Application Support/Titanium/modules/iphone/bcb.bonjourservice/1.0.1
[DEBUG]  Detected iphone module: BCB.bonjourService 1.0.2 @ /Library/Application Support/Titanium/modules/iphone/bcb.bonjourservice/1.0.2
[DEBUG]  Detected iphone module: BCB.bonjourService 1.0.3 @ /Library/Application Support/Titanium/modules/iphone/bcb.bonjourservice/1.0.3
[DEBUG]  Detected iphone module: BCB.bonjourService 1.0.4 @ /Library/Application Support/Titanium/modules/iphone/bcb.bonjourservice/1.0.4
[DEBUG]  Detected iphone module: be.k0suke.tiisrefreshcontrol 0.2 @ /Library/Application Support/Titanium/modules/iphone/be.k0suke.tiisrefreshcontrol/0.2
[DEBUG]  Detected iphone module: bencoding.blur 0.40-beta @ /Library/Application Support/Titanium/modules/iphone/bencoding.blur/0.40-beta
[DEBUG]  Detected iphone module: bencoding.dictionary 1.2.1 @ /Library/Application Support/Titanium/modules/iphone/bencoding.dictionary/1.2.1
[DEBUG]  Detected iphone module: bencoding.localnotify 0.44 @ /Library/Application Support/Titanium/modules/iphone/bencoding.localnotify/0.44
[DEBUG]  Detected iphone module: bencoding.localnotify 0.45 @ /Library/Application Support/Titanium/modules/iphone/bencoding.localnotify/0.45
[DEBUG]  Detected iphone module: co.kommit.gtm 0.0.1 @ /Library/Application Support/Titanium/modules/iphone/co.kommit.gtm/0.0.1
[DEBUG]  Detected iphone module: com.0x82.sharekit 0.3 @ /Library/Application Support/Titanium/modules/iphone/com.0x82.sharekit/0.3
[DEBUG]  Detected iphone module: com.0x82.sharekit 0.4 @ /Library/Application Support/Titanium/modules/iphone/com.0x82.sharekit/0.4
[DEBUG]  Detected iphone module: com.apaladini.blur 1.0.0 @ /Library/Application Support/Titanium/modules/iphone/com.apaladini.blur/1.0.0
[DEBUG]  Detected iphone module: com.apaladini.devicemodel 0.1 @ /Library/Application Support/Titanium/modules/iphone/com.apaladini.devicemodel/0.1
[DEBUG]  Detected iphone module: com.appcelerator.apm 1.1.1 @ /Library/Application Support/Titanium/modules/iphone/com.appcelerator.apm/1.1.1
[DEBUG]  Detected iphone module: com.appcelerator.apm 1.1.5 @ /Library/Application Support/Titanium/modules/iphone/com.appcelerator.apm/1.1.5
[DEBUG]  Detected iphone module: com.appcelerator.urlSession 1.0.0 @ /Library/Application Support/Titanium/modules/iphone/com.appcelerator.urlSession/1.0.0
[DEBUG]  Detected iphone module: com.appcelerator.urlSession 1.0.1 @ /Library/Application Support/Titanium/modules/iphone/com.appcelerator.urlSession/1.0.1
[DEBUG]  Detected iphone module: com.appcelerator.urlSession 1.1.0 @ /Library/Application Support/Titanium/modules/iphone/com.appcelerator.urlSession/1.1.0
[DEBUG]  Detected iphone module: com.appcelerator.urlSession 1.1.1 @ /Library/Application Support/Titanium/modules/iphone/com.appcelerator.urlSession/1.1.1
[DEBUG]  Detected iphone module: com.appmodulator.offline 1.3 @ /Library/Application Support/Titanium/modules/iphone/com.appmodulator.offline/1.3
[DEBUG]  Detected iphone module: com.batasoft.appicons 2.0 @ /Library/Application Support/Titanium/modules/iphone/com.batasoft.appicons/2.0
[DEBUG]  Detected iphone module: com.googlecode.quicktigame2d 1.0 @ /Library/Application Support/Titanium/modules/iphone/com.googlecode.quicktigame2d/1.0
[DEBUG]  Detected iphone module: com.infinery.pageflip 1.0 @ /Library/Application Support/Titanium/modules/iphone/com.infinery.pageflip/1.0
[DEBUG]  Detected iphone module: com.kuchbee.quickpdf 2.0 @ /Library/Application Support/Titanium/modules/iphone/com.kuchbee.quickpdf/2.0
[DEBUG]  Detected iphone module: com.mcongrove.pebble 1.1 @ /Library/Application Support/Titanium/modules/iphone/com.mcongrove.pebble/1.1
[DEBUG]  Detected iphone module: com.mfogg.squarecamera 0.7 @ /Library/Application Support/Titanium/modules/iphone/com.mfogg.squarecamera/0.7
[DEBUG]  Detected iphone module: com.mirasense.scanditsdk 4.3.0 @ /Library/Application Support/Titanium/modules/iphone/com.mirasense.scanditsdk/4.3.0
[DEBUG]  Detected iphone module: com.obscure.ticarousel 1.2 @ /Library/Application Support/Titanium/modules/iphone/com.obscure.ticarousel/1.2
[DEBUG]  Detected iphone module: com.omorandi 0.2 @ /Library/Application Support/Titanium/modules/iphone/com.omorandi/0.2
[DEBUG]  Detected iphone module: com.polancomedia.mapbox 0.4 @ /Library/Application Support/Titanium/modules/iphone/com.polancomedia.mapbox/0.4
[DEBUG]  Detected iphone module: com.pspdfkit 3.5.0 @ /Library/Application Support/Titanium/modules/iphone/com.pspdfkit/3.5.0
[DEBUG]  Detected iphone module: com.ti.calendar 0.1 @ /Library/Application Support/Titanium/modules/iphone/com.ti.calendar/0.1
[DEBUG]  Detected iphone module: com.wikitude.ti 5.0.0 @ /Library/Application Support/Titanium/modules/iphone/com.wikitude.ti/5.0.0
[DEBUG]  Detected iphone module: com.yydigital.tintswitch 0.2.1 @ /Library/Application Support/Titanium/modules/iphone/com.yydigital.tintswitch/0.2.1
[DEBUG]  Detected iphone module: de.appwerft.sqlitemirror 1.0.0 @ /Library/Application Support/Titanium/modules/iphone/de.appwerft.sqlitemirror/1.0.0
[DEBUG]  Detected iphone module: de.appwerft.testjsmodule 1.0.0 @ /Library/Application Support/Titanium/modules/iphone/de.appwerft.testjsmodule/1.0.0
[DEBUG]  Detected iphone module: de.appwerft.view360 1.0.0 @ /Library/Application Support/Titanium/modules/iphone/de.appwerft.view360/1.0.0
[DEBUG]  Detected iphone module: de.marcelpociot.circularprogress 1.1 @ /Library/Application Support/Titanium/modules/iphone/de.marcelpociot.circularprogress/1.1
[DEBUG]  Detected iphone module: de.marcelpociot.circularslider 1.1.0 @ /Library/Application Support/Titanium/modules/iphone/de.marcelpociot.circularslider/1.1.0
[DEBUG]  Detected iphone module: de.marcelpociot.transitioncontroller 1.0.0 @ /Library/Application Support/Titanium/modules/iphone/de.marcelpociot.transitioncontroller/1.0.0
[DEBUG]  Detected iphone module: dk.napp.drawer 1.1.6 @ /Library/Application Support/Titanium/modules/iphone/dk.napp.drawer/1.1.6
[DEBUG]  Detected iphone module: dk.napp.imageview 1.0.1 @ /Library/Application Support/Titanium/modules/iphone/dk.napp.imageview/1.0.1
[DEBUG]  Detected iphone module: dk.napp.slidemenu 1.4.2 @ /Library/Application Support/Titanium/modules/iphone/dk.napp.slidemenu/1.4.2
[DEBUG]  Detected iphone module: dk.napp.social 1.7.9 @ /Library/Application Support/Titanium/modules/iphone/dk.napp.social/1.7.9
[DEBUG]  Detected iphone module: dk.napp.ui 1.2.3 @ /Library/Application Support/Titanium/modules/iphone/dk.napp.ui/1.2.3
[DEBUG]  Detected iphone module: facebook 3.1.1 @ /Library/Application Support/Titanium/modules/iphone/facebook/3.1.1
[DEBUG]  Detected iphone module: facebook 3.1.2 @ /Library/Application Support/Titanium/modules/iphone/facebook/3.1.2
[DEBUG]  Detected iphone module: facebook 3.2.0 @ /Library/Application Support/Titanium/modules/iphone/facebook/3.2.0
[DEBUG]  Detected iphone module: facebook 4.0.0 @ /Library/Application Support/Titanium/modules/iphone/facebook/4.0.0
[DEBUG]  Detected iphone module: facebook 4.0.3 @ /Library/Application Support/Titanium/modules/iphone/facebook/4.0.3
[DEBUG]  Detected iphone module: facebook 4.0.4 @ /Library/Application Support/Titanium/modules/iphone/facebook/4.0.4
[DEBUG]  Detected iphone module: facebook 4.0.5 @ /Library/Application Support/Titanium/modules/iphone/facebook/4.0.5
[DEBUG]  Detected iphone module: io.platino 3.0.0 @ /Library/Application Support/Titanium/modules/iphone/io.platino/3.0.0
[DEBUG]  Detected iphone module: me.izen.tabbar 1.0 @ /Library/Application Support/Titanium/modules/iphone/me.izen.tabbar/1.0
[DEBUG]  Detected iphone module: net.iamyellow.tiws 0.3 @ /Library/Application Support/Titanium/modules/iphone/net.iamyellow.tiws/0.3
[DEBUG]  Detected iphone module: net.iamyellow.tiws 0.5 @ /Library/Application Support/Titanium/modules/iphone/net.iamyellow.tiws/0.5
[DEBUG]  Detected iphone module: org.bcbhh.iosflipview 1.0.12 @ /Library/Application Support/Titanium/modules/iphone/org.bcbhh.iosflipview/1.0.12
[DEBUG]  Detected iphone module: org.bcbhh.iosflipview 1.0.13 @ /Library/Application Support/Titanium/modules/iphone/org.bcbhh.iosflipview/1.0.13
[DEBUG]  Detected iphone module: org.bcbhh.iosflipview 1.0.14 @ /Library/Application Support/Titanium/modules/iphone/org.bcbhh.iosflipview/1.0.14
[DEBUG]  Detected iphone module: org.bcbhh.iosflipview 1.0.15 @ /Library/Application Support/Titanium/modules/iphone/org.bcbhh.iosflipview/1.0.15
[DEBUG]  Detected iphone module: org.beuckman.tibeacons 0.82 @ /Library/Application Support/Titanium/modules/iphone/org.beuckman.tibeacons/0.82
[DEBUG]  Detected iphone module: path.animator 1.0 @ /Library/Application Support/Titanium/modules/iphone/path.animator/1.0
[DEBUG]  Detected iphone module: ti.airprint 1.2 @ /Library/Application Support/Titanium/modules/iphone/ti.airprint/1.2
[DEBUG]  Detected iphone module: ti.barcode 1.8.1 @ /Library/Application Support/Titanium/modules/iphone/ti.barcode/1.8.1
[DEBUG]  Detected iphone module: ti.box2d 0.9 @ /Library/Application Support/Titanium/modules/iphone/ti.box2d/0.9
[DEBUG]  Detected iphone module: ti.charts 1.4 @ /Library/Application Support/Titanium/modules/iphone/ti.charts/1.4
[DEBUG]  Detected iphone module: ti.columns 1.2 @ /Library/Application Support/Titanium/modules/iphone/ti.columns/1.2
[DEBUG]  Detected iphone module: ti.compression 1.0 @ /Library/Application Support/Titanium/modules/iphone/ti.compression/1.0
[DEBUG]  Detected iphone module: ti.coremotion 1.0.1 @ /Library/Application Support/Titanium/modules/iphone/ti.coremotion/1.0.1
[DEBUG]  Detected iphone module: ti.coremotion 1.1.0 @ /Library/Application Support/Titanium/modules/iphone/ti.coremotion/1.1.0
[DEBUG]  Detected iphone module: ti.draggable 2.0.4 @ /Library/Application Support/Titanium/modules/iphone/ti.draggable/2.0.4
[DEBUG]  Detected iphone module: ti.flurry 1.5 @ /Library/Application Support/Titanium/modules/iphone/ti.flurry/1.5
[DEBUG]  Detected iphone module: ti.ga 1.0.1 @ /Library/Application Support/Titanium/modules/iphone/ti.ga/1.0.1
[DEBUG]  Detected iphone module: ti.gamekit 1.4 @ /Library/Application Support/Titanium/modules/iphone/ti.gamekit/1.4
[DEBUG]  Detected iphone module: ti.googleanalytics 1.2 @ /Library/Application Support/Titanium/modules/iphone/ti.googleanalytics/1.2
[DEBUG]  Detected iphone module: ti.googleanalytics 1.4 @ /Library/Application Support/Titanium/modules/iphone/ti.googleanalytics/1.4
[DEBUG]  Detected iphone module: ti.imagefactory 1.1 @ /Library/Application Support/Titanium/modules/iphone/ti.imagefactory/1.1
[DEBUG]  Detected iphone module: ti.light 0.1 @ /Library/Application Support/Titanium/modules/iphone/ti.light/0.1
[DEBUG]  Detected iphone module: ti.map 2.2.0 @ /Library/Application Support/Titanium/modules/iphone/ti.map/2.2.0
[DEBUG]  Detected iphone module: ti.map 2.2.1 @ /Library/Application Support/Titanium/modules/iphone/ti.map/2.2.1
[DEBUG]  Detected iphone module: ti.map 2.2.2 @ /Library/Application Support/Titanium/modules/iphone/ti.map/2.2.2
[DEBUG]  Detected iphone module: ti.map 2.3.1 @ /Library/Application Support/Titanium/modules/iphone/ti.map/2.3.1
[DEBUG]  Detected iphone module: ti.mely 0.1 @ /Library/Application Support/Titanium/modules/iphone/ti.mely/0.1
[DEBUG]  Detected iphone module: ti.pageflip 1.8.3 @ /Library/Application Support/Titanium/modules/iphone/ti.pageflip/1.8.3
[DEBUG]  Detected iphone module: ti.paint 1.0 @ /Library/Application Support/Titanium/modules/iphone/ti.paint/1.0
[DEBUG]  Detected iphone module: ti.paint 1.1 @ /Library/Application Support/Titanium/modules/iphone/ti.paint/1.1
[DEBUG]  Detected iphone module: ti.paint 1.3 @ /Library/Application Support/Titanium/modules/iphone/ti.paint/1.3
[DEBUG]  Detected iphone module: ti.paypal 1.3 @ /Library/Application Support/Titanium/modules/iphone/ti.paypal/1.3
[DEBUG]  Detected iphone module: ti.quicklook 1.2 @ /Library/Application Support/Titanium/modules/iphone/ti.quicklook/1.2
[DEBUG]  Detected iphone module: ti.sms 1.0 @ /Library/Application Support/Titanium/modules/iphone/ti.sms/1.0
[DEBUG]  Detected iphone module: ti.soundsampler 1.0 @ /Library/Application Support/Titanium/modules/iphone/ti.soundsampler/1.0
[DEBUG]  Detected iphone module: ti.sq 0.4 @ /Library/Application Support/Titanium/modules/iphone/ti.sq/0.4
[DEBUG]  Detected iphone module: ti.storekit 1.2 @ /Library/Application Support/Titanium/modules/iphone/ti.storekit/1.2
[DEBUG]  Detected iphone module: ti.styledlabel 1.5.1 @ /Library/Application Support/Titanium/modules/iphone/ti.styledlabel/1.5.1
[DEBUG]  Detected iphone module: ti.touchid 1.0 @ /Library/Application Support/Titanium/modules/iphone/ti.touchid/1.0
[DEBUG]  Detected iphone module: ti.touchid 1.1.0 @ /Library/Application Support/Titanium/modules/iphone/ti.touchid/1.1.0
[DEBUG]  Detected iphone module: ti.tvout 1.1 @ /Library/Application Support/Titanium/modules/iphone/ti.tvout/1.1
[DEBUG]  Detected iphone module: tibar 0.4.1 @ /Library/Application Support/Titanium/modules/iphone/tibar/0.4.1
[DEBUG]  Detected iphone module: tibar 0.4.2 @ /Library/Application Support/Titanium/modules/iphone/tibar/0.4.2
[DEBUG]  Detected tizen module: tizen 3.0.0 @ /Library/Application Support/Titanium/modules/tizen/tizen/3.0.0
[DEBUG]  Looking for Titanium module id=ti.map version=latest platform=iphone deploy-type=development
[INFO]   Found Titanium module id=ti.map version=2.4.1 platform=iphone deploy-type=development path=/Users/fuerst/Library/Application Support/Titanium/modules/iphone/ti.map/2.4.1
[DEBUG]  No project level plugins to load
[TRACE]  Snapshotting build directory
[DEBUG]  Titanium SDK iOS directory: /Users/fuerst/Library/Application Support/Titanium/mobilesdk/osx/5.1.1.GA/iphone
[INFO]   Deploy type: development
[INFO]   Building for target: simulator
[INFO]   Building using iOS SDK: 8.4
[INFO]   Building for iOS Simulator: iPad 2
[DEBUG]  UDID: B5DCEA56-A6A6-4B03-B6EB-120FFA9468AD
[DEBUG]  Simulator type: ipad
[DEBUG]  Simulator version: 8.4
[INFO]   Building for device family: iphone
[DEBUG]  Setting Xcode target to Debug
[DEBUG]  Setting Xcode build OS to iphonesimulator
[DEBUG]  Xcode installation: /Applications/Xcode6.4.app/Contents/Developer
[DEBUG]  iOS WWDR certificate: installed
[INFO]   Minimum iOS version: 7.1
[INFO]   Debugging disabled
[INFO]   Profiler disabled
[INFO]   Set to copy files instead of symlinking
[INFO]   Initializing the build directory
[TRACE]  offline build file /var/folders/25/yvdn9h053sv3htdkzq8558k40000gn/T/build-647665eddfcf9eca8f9c42007047dac498905c9e.json
[TRACE]  online 1
[TRACE]  optimizing build, last build was 684.302 sec ago
[INFO]   Creating Xcode project
[TRACE]  Removing pre-compile phase
[TRACE]  Adding 1 native module library
[TRACE]  No extensions to add
[TRACE]  No change, skipping /Users/fuerst/Documents/APPC_WORKSPACE/Tierstimmenarchiv/build/iphone/Tierstimmenarchiv.xcodeproj/project.pbxproj
[INFO]   Creating Entitlements.plist
[TRACE]  No change, skipping /Users/fuerst/Documents/APPC_WORKSPACE/Tierstimmenarchiv/build/iphone/Tierstimmenarchiv.entitlements
[INFO]   Creating Info.plist
[INFO]   Disabling ATS
[TRACE]  No change, skipping /Users/fuerst/Documents/APPC_WORKSPACE/Tierstimmenarchiv/build/iphone/Info.plist
[INFO]   Creating main.m
[TRACE]  No change, skipping /Users/fuerst/Documents/APPC_WORKSPACE/Tierstimmenarchiv/build/iphone/main.m
[INFO]   Creating Xcode config files
[TRACE]  No change, skipping /Users/fuerst/Documents/APPC_WORKSPACE/Tierstimmenarchiv/build/iphone/project.xcconfig
[TRACE]  No change, skipping /Users/fuerst/Documents/APPC_WORKSPACE/Tierstimmenarchiv/build/iphone/module.xcconfig
[INFO]   Copying Titanium libraries
[TRACE]  No change, skipping /Users/fuerst/Documents/APPC_WORKSPACE/Tierstimmenarchiv/build/iphone/lib/libTiCore.a
[TRACE]  No change, skipping /Users/fuerst/Documents/APPC_WORKSPACE/Tierstimmenarchiv/build/iphone/lib/libtiverify.a
[TRACE]  No change, skipping /Users/fuerst/Documents/APPC_WORKSPACE/Tierstimmenarchiv/build/iphone/lib/libti_ios_debugger.a
[TRACE]  No change, skipping /Users/fuerst/Documents/APPC_WORKSPACE/Tierstimmenarchiv/build/iphone/lib/libti_ios_profiler.a
[INFO]   Copying Titanium iOS files
[TRACE]  Skipping Classes/ApplicationRouting.m, it'll be processed later
[TRACE]  No change, skipping /Users/fuerst/Documents/APPC_WORKSPACE/Tierstimmenarchiv/build/iphone/Tierstimmenarchiv_Prefix.pch
[TRACE]  No change, skipping /Users/fuerst/Documents/APPC_WORKSPACE/Tierstimmenarchiv/build/iphone/Tierstimmenarchiv.xcodeproj/xcshareddata/xcschemes/Tierstimmenarchiv.xcscheme
[INFO]   Creating debugger and profiler plists
[DEBUG]  Skipping /Users/fuerst/Documents/APPC_WORKSPACE/Tierstimmenarchiv/build/iphone/build/Products/Debug-iphonesimulator/Tierstimmenarchiv.app/debugger.plist
[DEBUG]  Skipping /Users/fuerst/Documents/APPC_WORKSPACE/Tierstimmenarchiv/build/iphone/build/Products/Debug-iphonesimulator/Tierstimmenarchiv.app/profiler.plist
[INFO]   Analyzing Resources directory
[INFO]   Analyzing platform files
[INFO]   Analyzing module files
[INFO]   Analyzing localized launch images
[INFO]   Analyzing CommonJS modules
[INFO]   Creating asset catalog
[TRACE]  No change, skipping /Users/fuerst/Documents/APPC_WORKSPACE/Tierstimmenarchiv/build/iphone/Assets.xcassets/Contents.json
[INFO]   Creating app icon set
[TRACE]  Found generated 58x58 app icon: /Users/fuerst/Documents/APPC_WORKSPACE/Tierstimmenarchiv/build/iphone/Assets.xcassets/AppIcon.appiconset/appicon-Small@2x.png
[TRACE]  Found generated 87x87 app icon: /Users/fuerst/Documents/APPC_WORKSPACE/Tierstimmenarchiv/build/iphone/Assets.xcassets/AppIcon.appiconset/appicon-Small@3x.png
[TRACE]  Found generated 80x80 app icon: /Users/fuerst/Documents/APPC_WORKSPACE/Tierstimmenarchiv/build/iphone/Assets.xcassets/AppIcon.appiconset/appicon-Small-40@2x.png
[TRACE]  Found generated 120x120 app icon: /Users/fuerst/Documents/APPC_WORKSPACE/Tierstimmenarchiv/build/iphone/Assets.xcassets/AppIcon.appiconset/appicon-Small-40@3x.png
[TRACE]  Found generated 120x120 app icon: /Users/fuerst/Documents/APPC_WORKSPACE/Tierstimmenarchiv/build/iphone/Assets.xcassets/AppIcon.appiconset/appicon-60@2x.png
[TRACE]  Found generated 180x180 app icon: /Users/fuerst/Documents/APPC_WORKSPACE/Tierstimmenarchiv/build/iphone/Assets.xcassets/AppIcon.appiconset/appicon-60@3x.png
[TRACE]  No change, skipping /Users/fuerst/Documents/APPC_WORKSPACE/Tierstimmenarchiv/build/iphone/Assets.xcassets/AppIcon.appiconset/Contents.json
[INFO]   Creating launch image set
[DEBUG]  Skipping iPad launch image: Resources/iphone/Default-Landscape.png
[DEBUG]  Skipping iPad launch image: Resources/iphone/Default-Landscape@2x.png
[DEBUG]  Skipping iPad launch image: Resources/iphone/Default-Portrait.png
[DEBUG]  Skipping iPad launch image: Resources/iphone/Default-Portrait@2x.png
[DEBUG]  Unsupported launch image Resources/iphone/Default.png, skipping
[TRACE]  No change, skipping /Users/fuerst/Documents/APPC_WORKSPACE/Tierstimmenarchiv/build/iphone/Assets.xcassets/LaunchImage.launchimage/Contents.json
[INFO]   App thinning disabled, skipping asset image sets
[DEBUG]  Copying resources
[TRACE]  No change, skipping /Users/fuerst/Documents/APPC_WORKSPACE/Tierstimmenarchiv/build/iphone/build/Products/Debug-iphonesimulator/Tierstimmenarchiv.app/assets/actinopterygii.png
[TRACE]  No change, skipping /Users/fuerst/Documents/APPC_WORKSPACE/Tierstimmenarchiv/build/iphone/build/Products/Debug-iphonesimulator/Tierstimmenarchiv.app/assets/amphibia.png
[TRACE]  No change, skipping /Users/fuerst/Documents/APPC_WORKSPACE/Tierstimmenarchiv/build/iphone/build/Products/Debug-iphonesimulator/Tierstimmenarchiv.app/assets/arachnida.png
[TRACE]  No change, skipping /Users/fuerst/Documents/APPC_WORKSPACE/Tierstimmenarchiv/build/iphone/build/Products/Debug-iphonesimulator/Tierstimmenarchiv.app/assets/aves.png
[TRACE]  No change, skipping /Users/fuerst/Documents/APPC_WORKSPACE/Tierstimmenarchiv/build/iphone/build/Products/Debug-iphonesimulator/Tierstimmenarchiv.app/assets/default.png
[TRACE]  No change, skipping /Users/fuerst/Documents/APPC_WORKSPACE/Tierstimmenarchiv/build/iphone/build/Products/Debug-iphonesimulator/Tierstimmenarchiv.app/assets/foxes.png
[TRACE]  No change, skipping /Users/fuerst/Documents/APPC_WORKSPACE/Tierstimmenarchiv/build/iphone/build/Products/Debug-iphonesimulator/Tierstimmenarchiv.app/assets/insecta.png
[TRACE]  No change, skipping /Users/fuerst/Documents/APPC_WORKSPACE/Tierstimmenarchiv/build/iphone/build/Products/Debug-iphonesimulator/Tierstimmenarchiv.app/assets/mammalia.png
[TRACE]  No change, skipping /Users/fuerst/Documents/APPC_WORKSPACE/Tierstimmenarchiv/build/iphone/build/Products/Debug-iphonesimulator/Tierstimmenarchiv.app/assets/reptilia.png
[TRACE]  No change, skipping /Users/fuerst/Documents/APPC_WORKSPACE/Tierstimmenarchiv/build/iphone/build/Products/Debug-iphonesimulator/Tierstimmenarchiv.app/fonts/FontAwesome.ttf
[TRACE]  No change, skipping /Users/fuerst/Documents/APPC_WORKSPACE/Tierstimmenarchiv/build/iphone/build/Products/Debug-iphonesimulator/Tierstimmenarchiv.app/fonts/Helvetica-Bold.otf
[TRACE]  No change, skipping /Users/fuerst/Documents/APPC_WORKSPACE/Tierstimmenarchiv/build/iphone/build/Products/Debug-iphonesimulator/Tierstimmenarchiv.app/model/init.sql
[TRACE]  No change, skipping /Users/fuerst/Documents/APPC_WORKSPACE/Tierstimmenarchiv/build/iphone/build/Products/Debug-iphonesimulator/Tierstimmenarchiv.app/model/tsa.json
[TRACE]  No change, skipping /Users/fuerst/Documents/APPC_WORKSPACE/Tierstimmenarchiv/build/iphone/build/Products/Debug-iphonesimulator/Tierstimmenarchiv.app/assets/magnify.png
[TRACE]  No change, skipping /Users/fuerst/Documents/APPC_WORKSPACE/Tierstimmenarchiv/build/iphone/build/Products/Debug-iphonesimulator/Tierstimmenarchiv.app/assets/magnify@2x.png
[TRACE]  No change, skipping /Users/fuerst/Documents/APPC_WORKSPACE/Tierstimmenarchiv/build/iphone/build/Products/Debug-iphonesimulator/Tierstimmenarchiv.app/assets/map.png
[TRACE]  No change, skipping /Users/fuerst/Documents/APPC_WORKSPACE/Tierstimmenarchiv/build/iphone/build/Products/Debug-iphonesimulator/Tierstimmenarchiv.app/assets/map@2x.png
[TRACE]  No change, skipping /Users/fuerst/Documents/APPC_WORKSPACE/Tierstimmenarchiv/build/iphone/build/Products/Debug-iphonesimulator/Tierstimmenarchiv.app/assets/orgchart.png
[TRACE]  No change, skipping /Users/fuerst/Documents/APPC_WORKSPACE/Tierstimmenarchiv/build/iphone/build/Products/Debug-iphonesimulator/Tierstimmenarchiv.app/assets/orgchart@2x.png
[TRACE]  No change, skipping /Users/fuerst/Documents/APPC_WORKSPACE/Tierstimmenarchiv/build/iphone/Assets.xcassets/LaunchImage.launchimage/Default-568h@2x.png
[TRACE]  No change, skipping /Users/fuerst/Documents/APPC_WORKSPACE/Tierstimmenarchiv/build/iphone/Assets.xcassets/LaunchImage.launchimage/Default-667h@2x.png
[TRACE]  No change, skipping /Users/fuerst/Documents/APPC_WORKSPACE/Tierstimmenarchiv/build/iphone/Assets.xcassets/LaunchImage.launchimage/Default-Landscape-736h@3x.png
[TRACE]  No change, skipping /Users/fuerst/Documents/APPC_WORKSPACE/Tierstimmenarchiv/build/iphone/Assets.xcassets/LaunchImage.launchimage/Default-Portrait-736h@3x.png
[TRACE]  No change, skipping /Users/fuerst/Documents/APPC_WORKSPACE/Tierstimmenarchiv/build/iphone/Assets.xcassets/LaunchImage.launchimage/Default@2x.png
[DEBUG]  Copying CSS files
[INFO]   Processing JavaScript files
[DEBUG]  Overwriting /Users/fuerst/Documents/APPC_WORKSPACE/Tierstimmenarchiv/Resources/TEMPLATES.js => /Users/fuerst/Documents/APPC_WORKSPACE/Tierstimmenarchiv/build/iphone/build/Products/Debug-iphonesimulator/Tierstimmenarchiv.app/TEMPLATES.js
[DEBUG]  Overwriting /Users/fuerst/Documents/APPC_WORKSPACE/Tierstimmenarchiv/Resources/app.js => /Users/fuerst/Documents/APPC_WORKSPACE/Tierstimmenarchiv/build/iphone/build/Products/Debug-iphonesimulator/Tierstimmenarchiv.app/app.js
[DEBUG]  Overwriting /Users/fuerst/Documents/APPC_WORKSPACE/Tierstimmenarchiv/Resources/gms.test.js => /Users/fuerst/Documents/APPC_WORKSPACE/Tierstimmenarchiv/build/iphone/build/Products/Debug-iphonesimulator/Tierstimmenarchiv.app/gms.test.js
[DEBUG]  Overwriting /Users/fuerst/Documents/APPC_WORKSPACE/Tierstimmenarchiv/Resources/model/tsa.adapter.js => /Users/fuerst/Documents/APPC_WORKSPACE/Tierstimmenarchiv/build/iphone/build/Products/Debug-iphonesimulator/Tierstimmenarchiv.app/model/tsa.adapter.js
[DEBUG]  Overwriting /Users/fuerst/Documents/APPC_WORKSPACE/Tierstimmenarchiv/Resources/ti.markermanager.js => /Users/fuerst/Documents/APPC_WORKSPACE/Tierstimmenarchiv/build/iphone/build/Products/Debug-iphonesimulator/Tierstimmenarchiv.app/ti.markermanager.js
[DEBUG]  Overwriting /Users/fuerst/Documents/APPC_WORKSPACE/Tierstimmenarchiv/Resources/ui/families.window.js => /Users/fuerst/Documents/APPC_WORKSPACE/Tierstimmenarchiv/build/iphone/build/Products/Debug-iphonesimulator/Tierstimmenarchiv.app/ui/families.window.js
[DEBUG]  Overwriting /Users/fuerst/Documents/APPC_WORKSPACE/Tierstimmenarchiv/Resources/ui/logindialog.widget.js => /Users/fuerst/Documents/APPC_WORKSPACE/Tierstimmenarchiv/build/iphone/build/Products/Debug-iphonesimulator/Tierstimmenarchiv.app/ui/logindialog.widget.js
[DEBUG]  Overwriting /Users/fuerst/Documents/APPC_WORKSPACE/Tierstimmenarchiv/Resources/ui/map.window.js => /Users/fuerst/Documents/APPC_WORKSPACE/Tierstimmenarchiv/build/iphone/build/Products/Debug-iphonesimulator/Tierstimmenarchiv.app/ui/map.window.js
[DEBUG]  Overwriting /Users/fuerst/Documents/APPC_WORKSPACE/Tierstimmenarchiv/Resources/ui/navigation.window.js => /Users/fuerst/Documents/APPC_WORKSPACE/Tierstimmenarchiv/build/iphone/build/Products/Debug-iphonesimulator/Tierstimmenarchiv.app/ui/navigation.window.js
[DEBUG]  Overwriting /Users/fuerst/Documents/APPC_WORKSPACE/Tierstimmenarchiv/Resources/ui/orders.window.js => /Users/fuerst/Documents/APPC_WORKSPACE/Tierstimmenarchiv/build/iphone/build/Products/Debug-iphonesimulator/Tierstimmenarchiv.app/ui/orders.window.js
[DEBUG]  Overwriting /Users/fuerst/Documents/APPC_WORKSPACE/Tierstimmenarchiv/Resources/ui/player.window.js => /Users/fuerst/Documents/APPC_WORKSPACE/Tierstimmenarchiv/build/iphone/build/Products/Debug-iphonesimulator/Tierstimmenarchiv.app/ui/player.window.js
[DEBUG]  Overwriting /Users/fuerst/Documents/APPC_WORKSPACE/Tierstimmenarchiv/Resources/ui/records.window.js => /Users/fuerst/Documents/APPC_WORKSPACE/Tierstimmenarchiv/build/iphone/build/Products/Debug-iphonesimulator/Tierstimmenarchiv.app/ui/records.window.js
[DEBUG]  Overwriting /Users/fuerst/Documents/APPC_WORKSPACE/Tierstimmenarchiv/Resources/ui/search.window.js => /Users/fuerst/Documents/APPC_WORKSPACE/Tierstimmenarchiv/build/iphone/build/Products/Debug-iphonesimulator/Tierstimmenarchiv.app/ui/search.window.js
[DEBUG]  Overwriting /Users/fuerst/Documents/APPC_WORKSPACE/Tierstimmenarchiv/Resources/ui/species.window.js => /Users/fuerst/Documents/APPC_WORKSPACE/Tierstimmenarchiv/build/iphone/build/Products/Debug-iphonesimulator/Tierstimmenarchiv.app/ui/species.window.js
[DEBUG]  Overwriting /Users/fuerst/Documents/APPC_WORKSPACE/Tierstimmenarchiv/Resources/ui/tabgroup.js => /Users/fuerst/Documents/APPC_WORKSPACE/Tierstimmenarchiv/build/iphone/build/Products/Debug-iphonesimulator/Tierstimmenarchiv.app/ui/tabgroup.js
[DEBUG]  Overwriting /Users/fuerst/Documents/APPC_WORKSPACE/Tierstimmenarchiv/Resources/ui/taxo.row.js => /Users/fuerst/Documents/APPC_WORKSPACE/Tierstimmenarchiv/build/iphone/build/Products/Debug-iphonesimulator/Tierstimmenarchiv.app/ui/taxo.row.js
[DEBUG]  Overwriting /Users/fuerst/Documents/APPC_WORKSPACE/Tierstimmenarchiv/Resources/ui/taxonomy.window.js => /Users/fuerst/Documents/APPC_WORKSPACE/Tierstimmenarchiv/build/iphone/build/Products/Debug-iphonesimulator/Tierstimmenarchiv.app/ui/taxonomy.window.js
[DEBUG]  Overwriting /Users/fuerst/Documents/APPC_WORKSPACE/Tierstimmenarchiv/Resources/vendor/versionsreminder.js => /Users/fuerst/Documents/APPC_WORKSPACE/Tierstimmenarchiv/build/iphone/build/Products/Debug-iphonesimulator/Tierstimmenarchiv.app/vendor/versionsreminder.js
[DEBUG]  Overwriting /Users/fuerst/Documents/APPC_WORKSPACE/Tierstimmenarchiv/Resources/vendor/wikimedia.adapter.js => /Users/fuerst/Documents/APPC_WORKSPACE/Tierstimmenarchiv/build/iphone/build/Products/Debug-iphonesimulator/Tierstimmenarchiv.app/vendor/wikimedia.adapter.js
[INFO]   Writing app properties
[TRACE]  No change, skipping /Users/fuerst/Documents/APPC_WORKSPACE/Tierstimmenarchiv/build/iphone/build/Products/Debug-iphonesimulator/Tierstimmenarchiv.app/_app_props_.json
[DEBUG]  Using default application routing
[TRACE]  No change, skipping /Users/fuerst/Documents/APPC_WORKSPACE/Tierstimmenarchiv/build/iphone/Classes/ApplicationRouting.m
[INFO]   Writing i18n files
[DEBUG]  No i18n files to process
[INFO]   Processing Titanium symbols
[DEBUG]  Processing Titanium namespace resources
[TRACE]  No change, skipping /Users/fuerst/Documents/APPC_WORKSPACE/Tierstimmenarchiv/build/iphone/build/Products/Debug-iphonesimulator/Tierstimmenarchiv.app/modules/ui/images/badge.png
[TRACE]  No change, skipping /Users/fuerst/Documents/APPC_WORKSPACE/Tierstimmenarchiv/build/iphone/build/Products/Debug-iphonesimulator/Tierstimmenarchiv.app/modules/ui/images/closeButton.png
[TRACE]  No change, skipping /Users/fuerst/Documents/APPC_WORKSPACE/Tierstimmenarchiv/build/iphone/build/Products/Debug-iphonesimulator/Tierstimmenarchiv.app/modules/ui/images/photoDefault.png
[TRACE]  No change, skipping /Users/fuerst/Documents/APPC_WORKSPACE/Tierstimmenarchiv/build/iphone/Classes/defines.h
[INFO]   Removing files
[DEBUG]  Removing empty directories
[INFO]   Skipping xcodebuild
[INFO]   Finished building the application in 1s 964ms
[INFO]   Launching iOS Simulator
[TRACE]  [ioslib] Selected iOS Simulator: iPad 2
[TRACE]  [ioslib]   UDID    = B5DCEA56-A6A6-4B03-B6EB-120FFA9468AD
[TRACE]  [ioslib]   iOS     = 8.4
[TRACE]  [ioslib] Autoselected Xcode: 6.4
[TRACE]  [ioslib] Removing old log file: /Users/fuerst/Library/Developer/CoreSimulator/Devices/B5DCEA56-A6A6-4B03-B6EB-120FFA9468AD/data/Containers/Data/Application/C87894D1-FFCD-4BFA-8144-4C064FAC46C6/Documents/64cba34f-da45-41c4-9111-97926a75e590.log
[TRACE]  [ioslib] iPad 2 Simulator already running with the correct udid
[TRACE]  [ioslib] Tailing iPad 2 Simulator system log: /Users/fuerst/Library/Logs/CoreSimulator/B5DCEA56-A6A6-4B03-B6EB-120FFA9468AD/system.log
[TRACE]  [ioslib] Running: osascript "/Users/fuerst/Library/Application Support/Titanium/mobilesdk/osx/5.1.1.GA/node_modules/ioslib/lib/sim_focus.scpt" "iOS Simulator" "Disabled"
[TRACE]  [ioslib] iPad 2 Simulator successfully focused
[TRACE]  [ioslib] Running: /Applications/Xcode6.4.app/Contents/Developer/usr/bin/simctl install B5DCEA56-A6A6-4B03-B6EB-120FFA9468AD /Users/fuerst/Documents/APPC_WORKSPACE/Tierstimmenarchiv/build/iphone/build/Products/Debug-iphonesimulator/Tierstimmenarchiv.app
[TRACE]  [ioslib] App installed
[TRACE]  [ioslib] Running: /Applications/Xcode6.4.app/Contents/Developer/usr/bin/simctl launch B5DCEA56-A6A6-4B03-B6EB-120FFA9468AD de.appwerft.tierstimmenarchiv
[TRACE]  [ioslib] App launched
[TRACE]  [ioslib] Found application log file: /Users/fuerst/Library/Developer/CoreSimulator/Devices/B5DCEA56-A6A6-4B03-B6EB-120FFA9468AD/data/Containers/Data/Application/7C26D690-CDF7-4DF0-8D41-CDD4212E7345/Documents/64cba34f-da45-41c4-9111-97926a75e590.log
[TRACE]  [Tierstimmenarchiv] assertion failed: 14F1509 12H141: libxpc.dylib + 69007 [55209BF0-C183-332C-B272-05E5362CC077]: 0x7d